SF:lib/l10n/app_localizations.dart
DA:66,77
DA:67,154
DA:71,73
DA:72,73
DA:2056,132
DA:2058,77
DA:2060,154
DA:2063,74
DA:2065,222
DA:2067,2
DA:2071,77
DA:2073,77
DA:2074,77
DA:2075,8
DA:2076,76
DA:2077,73
DA:2078,11
DA:2079,11
DA:2082,0
LF:19
LH:18
end_of_record
SF:lib/models/user_model.dart
DA:22,10
DA:40,20
DA:41,20
DA:42,20
DA:43,20
DA:44,20
DA:46,11
DA:47,6
DA:48,5
DA:49,5
DA:50,5
DA:51,5
DA:52,5
DA:53,5
DA:54,7
DA:56,5
DA:57,9
DA:59,5
DA:60,5
DA:61,0
DA:62,0
DA:63,0
DA:66,5
DA:67,0
DA:69,5
DA:70,5
DA:71,5
DA:72,0
DA:74,5
DA:75,5
DA:76,5
DA:77,0
DA:81,2
DA:82,2
DA:83,2
DA:84,2
DA:85,2
DA:86,2
DA:87,2
DA:88,2
DA:89,2
DA:90,2
DA:91,1
DA:92,1
DA:93,1
DA:94,2
DA:95,1
DA:96,0
DA:97,1
DA:98,1
DA:99,1
LF:51
LH:44
end_of_record
SF:lib/screens/profile/partials/notification_prefs_section.dart
DA:9,1
DA:15,1
DA:17,1
DA:23,1
DA:25,1
DA:26,2
DA:29,1
DA:30,4
DA:31,6
DA:34,1
DA:36,3
LF:11
LH:11
end_of_record
SF:lib/services/user_service.dart
DA:7,5
DA:8,0
DA:10,1
DA:14,5
DA:16,1
DA:17,4
DA:18,1
DA:19,1
DA:22,1
DA:26,1
DA:27,1
DA:28,1
DA:29,2
DA:30,4
DA:31,2
DA:34,0
DA:35,0
DA:37,0
DA:38,0
LF:19
LH:14
end_of_record
SF:lib/l10n/app_localizations_de.dart
DA:9,16
DA:11,0
DA:14,0
DA:17,0
DA:20,0
DA:23,0
DA:26,0
DA:29,0
DA:33,1
DA:36,0
DA:39,0
DA:42,0
DA:45,0
DA:49,0
DA:52,0
DA:55,1
DA:58,0
DA:61,0
DA:64,0
DA:68,0
DA:71,0
DA:74,0
DA:78,0
DA:81,0
DA:84,0
DA:87,0
DA:90,0
DA:93,0
DA:96,0
DA:99,1
DA:102,1
DA:105,1
DA:108,1
DA:111,0
DA:115,0
DA:118,0
DA:121,0
DA:124,0
DA:127,0
DA:130,0
DA:134,0
DA:137,0
DA:140,0
DA:143,0
DA:146,0
DA:149,0
DA:152,0
DA:155,0
DA:158,1
DA:161,0
DA:164,0
DA:167,0
DA:170,0
DA:173,0
DA:177,0
DA:180,0
DA:183,0
DA:185,0
DA:188,0
DA:191,0
DA:194,0
DA:197,0
DA:200,0
DA:203,0
DA:206,0
DA:209,0
DA:212,0
DA:215,0
DA:218,0
DA:221,0
DA:224,0
DA:227,0
DA:231,0
DA:234,0
DA:237,0
DA:240,0
DA:243,1
DA:246,0
DA:249,0
DA:252,0
DA:255,1
DA:258,1
DA:261,0
DA:264,0
DA:267,0
DA:270,0
DA:274,1
DA:277,0
DA:280,0
DA:283,0
DA:286,0
DA:289,0
DA:293,0
DA:296,0
DA:298,0
DA:301,0
DA:304,0
DA:307,0
DA:310,1
DA:313,0
DA:316,0
DA:319,0
DA:322,0
DA:325,0
DA:328,0
DA:331,0
DA:334,0
DA:337,0
DA:341,0
DA:344,0
DA:347,0
DA:350,0
DA:353,0
DA:356,0
DA:359,0
DA:362,0
DA:365,0
DA:368,0
DA:371,0
DA:374,0
DA:377,0
DA:380,0
DA:383,1
DA:386,0
DA:389,0
DA:392,0
DA:395,0
DA:399,0
DA:402,0
DA:406,0
DA:409,0
DA:413,0
DA:416,0
DA:420,0
DA:424,0
DA:427,0
DA:430,0
DA:433,0
DA:436,0
DA:439,0
DA:442,0
DA:445,0
DA:447,0
DA:450,0
DA:453,0
DA:456,0
DA:459,0
DA:462,0
DA:465,0
DA:469,0
DA:471,0
DA:474,0
DA:477,0
DA:480,0
DA:483,0
DA:486,0
DA:490,0
DA:494,0
DA:498,0
DA:501,0
DA:504,0
DA:507,0
DA:509,0
DA:512,0
DA:515,0
DA:518,0
DA:521,0
DA:524,0
DA:527,0
DA:530,0
DA:532,0
DA:535,0
DA:538,0
DA:541,0
DA:544,0
DA:547,0
DA:550,0
DA:553,0
DA:556,0
DA:559,0
DA:562,0
DA:565,1
DA:568,1
DA:571,0
DA:574,0
DA:577,0
DA:580,1
DA:583,0
DA:586,0
DA:589,0
DA:592,0
DA:595,0
DA:598,0
DA:601,0
DA:604,0
DA:607,0
DA:610,0
DA:613,1
DA:616,0
DA:619,0
DA:622,0
DA:625,0
DA:628,0
DA:631,0
DA:634,0
DA:637,0
DA:640,0
DA:643,0
DA:646,0
DA:649,0
DA:652,0
DA:655,1
DA:658,0
DA:661,0
DA:664,0
DA:667,1
DA:670,0
DA:673,0
DA:676,0
DA:679,0
DA:682,0
DA:685,0
DA:688,0
DA:691,0
DA:694,0
DA:697,0
DA:700,0
DA:703,0
DA:706,0
DA:709,0
DA:712,0
DA:715,0
DA:718,0
DA:721,0
DA:724,0
DA:727,0
DA:730,1
DA:733,1
DA:736,1
DA:739,0
DA:742,0
DA:746,0
DA:749,0
DA:752,0
DA:755,0
DA:758,0
DA:761,0
DA:764,0
DA:767,0
DA:770,0
DA:773,0
DA:776,0
DA:779,0
DA:782,0
DA:785,0
DA:788,0
DA:791,1
DA:794,0
DA:797,0
DA:800,0
DA:803,0
DA:806,0
DA:809,0
DA:812,0
DA:815,0
DA:818,0
DA:821,0
DA:824,0
DA:827,0
DA:830,0
DA:833,0
DA:836,0
DA:839,0
DA:842,0
DA:845,0
DA:848,0
DA:851,0
DA:854,0
DA:857,0
DA:860,0
DA:863,0
DA:866,0
DA:869,0
DA:872,0
DA:875,0
DA:878,1
DA:881,0
DA:884,0
DA:887,0
DA:890,0
DA:893,0
DA:896,0
DA:899,1
DA:902,1
DA:905,0
DA:907,0
DA:910,0
DA:912,0
DA:915,0
DA:918,0
DA:921,1
DA:924,1
DA:927,1
DA:930,0
DA:933,0
DA:936,1
DA:939,0
DA:942,0
DA:945,0
DA:948,1
DA:951,0
DA:955,0
DA:958,0
DA:961,0
DA:964,0
DA:967,1
DA:969,1
DA:972,1
DA:975,0
DA:978,0
DA:981,0
DA:984,0
DA:987,0
DA:990,0
DA:993,0
DA:996,0
DA:999,0
DA:1002,0
DA:1005,0
DA:1008,0
DA:1011,0
DA:1015,0
DA:1018,1
DA:1020,1
DA:1023,0
DA:1026,0
LF:336
LH:37
end_of_record
SF:lib/l10n/app_localizations_en.dart
DA:9,146
DA:11,5
DA:14,4
DA:17,5
DA:20,1
DA:23,0
DA:26,0
DA:29,0
DA:32,7
DA:35,0
DA:38,0
DA:41,0
DA:44,0
DA:48,0
DA:51,0
DA:54,1
DA:57,0
DA:60,0
DA:63,0
DA:66,0
DA:69,0
DA:72,0
DA:75,1
DA:78,0
DA:81,0
DA:84,0
DA:87,1
DA:90,4
DA:93,0
DA:96,2
DA:99,2
DA:102,2
DA:105,14
DA:108,1
DA:111,1
DA:114,1
DA:117,1
DA:120,1
DA:123,1
DA:126,1
DA:129,1
DA:132,3
DA:135,3
DA:138,14
DA:141,2
DA:144,0
DA:147,0
DA:150,11
DA:153,1
DA:156,1
DA:159,1
DA:162,6
DA:165,1
DA:168,0
DA:171,1
DA:174,1
DA:177,0
DA:179,0
DA:182,1
DA:185,1
DA:188,2
DA:191,1
DA:194,1
DA:197,2
DA:200,1
DA:203,2
DA:206,0
DA:209,6
DA:212,4
DA:215,4
DA:218,2
DA:221,1
DA:225,1
DA:228,2
DA:231,0
DA:234,1
DA:237,10
DA:240,3
DA:243,1
DA:246,0
DA:249,1
DA:252,2
DA:255,1
DA:258,0
DA:261,0
DA:264,0
DA:267,1
DA:270,0
DA:273,4
DA:276,0
DA:279,0
DA:282,0
DA:285,4
DA:288,0
DA:290,0
DA:293,0
DA:296,0
DA:299,0
DA:302,4
DA:305,1
DA:308,2
DA:311,0
DA:314,0
DA:317,0
DA:320,0
DA:323,1
DA:326,1
DA:329,0
DA:332,13
DA:335,5
DA:338,5
DA:341,0
DA:344,5
DA:347,0
DA:350,5
DA:353,1
DA:356,0
DA:359,0
DA:362,0
DA:365,4
DA:368,1
DA:371,2
DA:374,4
DA:377,3
DA:380,0
DA:383,0
DA:386,1
DA:390,0
DA:393,1
DA:396,0
DA:399,0
DA:403,1
DA:406,0
DA:409,0
DA:412,0
DA:415,0
DA:418,0
DA:421,11
DA:424,0
DA:427,0
DA:430,1
DA:433,1
DA:435,1
DA:438,1
DA:441,1
DA:444,1
DA:447,0
DA:450,1
DA:453,1
DA:457,1
DA:459,1
DA:462,1
DA:465,1
DA:468,2
DA:471,2
DA:474,0
DA:478,0
DA:482,0
DA:486,1
DA:489,2
DA:492,1
DA:495,1
DA:497,1
DA:500,1
DA:503,0
DA:506,0
DA:509,0
DA:512,0
DA:515,1
DA:518,1
DA:520,1
DA:523,1
DA:526,11
DA:529,0
DA:532,0
DA:535,1
DA:538,1
DA:541,1
DA:544,1
DA:547,1
DA:550,1
DA:553,1
DA:556,4
DA:559,0
DA:562,0
DA:565,0
DA:568,2
DA:571,0
DA:574,0
DA:577,0
DA:580,6
DA:583,4
DA:586,11
DA:589,4
DA:592,4
DA:595,4
DA:598,0
DA:601,7
DA:604,11
DA:607,12
DA:610,0
DA:613,0
DA:616,2
DA:619,0
DA:622,2
DA:625,2
DA:628,3
DA:631,3
DA:634,3
DA:637,3
DA:640,1
DA:643,2
DA:646,3
DA:649,2
DA:652,2
DA:655,15
DA:658,0
DA:661,0
DA:664,0
DA:667,0
DA:670,0
DA:673,1
DA:676,1
DA:679,0
DA:682,0
DA:685,1
DA:688,2
DA:691,1
DA:694,1
DA:697,1
DA:700,1
DA:703,1
DA:706,1
DA:709,1
DA:712,0
DA:715,1
DA:718,1
DA:721,1
DA:724,10
DA:727,0
DA:731,1
DA:734,1
DA:737,0
DA:740,3
DA:743,6
DA:746,0
DA:749,1
DA:752,1
DA:755,0
DA:758,0
DA:761,0
DA:764,2
DA:767,1
DA:770,2
DA:773,0
DA:776,0
DA:779,3
DA:782,3
DA:785,0
DA:788,3
DA:791,2
DA:794,3
DA:797,3
DA:800,3
DA:803,2
DA:806,1
DA:809,0
DA:812,0
DA:815,0
DA:818,2
DA:821,0
DA:824,7
DA:827,0
DA:830,0
DA:833,0
DA:836,0
DA:839,0
DA:842,13
DA:845,6
DA:848,1
DA:851,0
DA:854,0
DA:857,0
DA:860,2
DA:863,2
DA:866,3
DA:869,2
DA:872,5
DA:875,2
DA:878,0
DA:881,1
DA:884,0
DA:887,1
DA:890,13
DA:893,0
DA:895,0
DA:898,0
DA:900,0
DA:903,1
DA:906,2
DA:909,3
DA:912,3
DA:915,3
DA:918,2
DA:921,2
DA:924,3
DA:927,2
DA:930,2
DA:933,2
DA:936,15
DA:939,2
DA:942,2
DA:945,2
DA:948,2
DA:951,2
DA:954,7
DA:956,7
DA:959,7
DA:962,2
DA:965,0
DA:968,0
DA:971,0
DA:974,1
DA:977,0
DA:980,0
DA:983,0
DA:986,0
DA:989,0
DA:992,1
DA:995,0
DA:998,0
DA:1001,0
DA:1004,7
DA:1006,7
DA:1009,0
DA:1012,0
LF:336
LH:207
end_of_record
SF:lib/l10n/app_localizations_hu.dart
DA:9,22
DA:11,0
DA:14,0
DA:17,0
DA:20,2
DA:23,0
DA:26,0
DA:29,0
DA:32,0
DA:35,0
DA:39,0
DA:42,0
DA:45,0
DA:48,0
DA:51,0
DA:54,1
DA:57,0
DA:60,0
DA:63,0
DA:67,0
DA:70,0
DA:73,0
DA:77,0
DA:80,0
DA:83,0
DA:86,0
DA:89,0
DA:92,0
DA:95,0
DA:98,1
DA:101,1
DA:104,1
DA:107,1
DA:110,0
DA:114,0
DA:117,0
DA:120,0
DA:123,0
DA:126,0
DA:129,0
DA:133,0
DA:136,0
DA:139,0
DA:142,0
DA:145,0
DA:148,0
DA:151,0
DA:154,0
DA:157,1
DA:160,2
DA:163,0
DA:166,2
DA:169,0
DA:172,0
DA:176,0
DA:179,0
DA:182,0
DA:184,0
DA:187,0
DA:190,0
DA:193,0
DA:196,0
DA:199,0
DA:202,0
DA:205,0
DA:208,0
DA:211,0
DA:214,0
DA:217,0
DA:220,0
DA:223,0
DA:226,0
DA:230,0
DA:233,0
DA:236,0
DA:239,0
DA:242,3
DA:245,0
DA:248,0
DA:251,0
DA:254,3
DA:257,1
DA:260,0
DA:263,0
DA:266,0
DA:269,0
DA:273,1
DA:276,0
DA:279,0
DA:282,0
DA:285,0
DA:288,0
DA:292,0
DA:295,0
DA:297,0
DA:300,0
DA:303,0
DA:306,0
DA:309,1
DA:312,0
DA:315,0
DA:318,0
DA:321,0
DA:324,0
DA:327,0
DA:330,0
DA:333,0
DA:336,0
DA:340,0
DA:343,0
DA:346,0
DA:349,0
DA:352,0
DA:355,0
DA:358,0
DA:361,0
DA:364,0
DA:367,0
DA:370,0
DA:373,0
DA:376,0
DA:379,0
DA:382,1
DA:385,0
DA:388,0
DA:391,0
DA:394,0
DA:398,0
DA:401,0
DA:405,0
DA:408,0
DA:412,0
DA:415,0
DA:419,0
DA:423,0
DA:426,0
DA:429,0
DA:432,0
DA:435,0
DA:438,0
DA:441,0
DA:444,0
DA:446,0
DA:449,0
DA:452,0
DA:455,0
DA:458,0
DA:461,0
DA:464,0
DA:468,0
DA:470,0
DA:473,0
DA:476,0
DA:479,0
DA:482,0
DA:485,0
DA:489,0
DA:493,0
DA:497,0
DA:500,0
DA:503,0
DA:506,0
DA:508,0
DA:511,0
DA:514,0
DA:517,0
DA:520,0
DA:523,0
DA:526,0
DA:529,0
DA:531,0
DA:534,0
DA:537,0
DA:540,0
DA:543,0
DA:546,0
DA:549,0
DA:552,0
DA:555,0
DA:558,0
DA:561,0
DA:564,1
DA:567,1
DA:570,0
DA:573,0
DA:576,0
DA:579,1
DA:582,0
DA:585,0
DA:588,0
DA:591,0
DA:594,0
DA:597,0
DA:600,0
DA:603,0
DA:606,0
DA:609,0
DA:612,0
DA:615,0
DA:618,0
DA:621,0
DA:624,0
DA:627,0
DA:630,0
DA:633,0
DA:636,0
DA:639,0
DA:642,0
DA:645,0
DA:648,0
DA:651,0
DA:654,1
DA:657,0
DA:660,0
DA:663,0
DA:666,1
DA:669,0
DA:672,0
DA:675,0
DA:678,0
DA:681,0
DA:684,0
DA:687,2
DA:690,1
DA:693,1
DA:696,0
DA:699,0
DA:702,0
DA:705,0
DA:708,0
DA:711,0
DA:714,0
DA:717,0
DA:720,0
DA:723,0
DA:726,0
DA:729,1
DA:732,1
DA:735,3
DA:738,0
DA:741,0
DA:744,0
DA:747,0
DA:750,2
DA:753,2
DA:756,0
DA:759,0
DA:762,0
DA:765,0
DA:768,0
DA:771,0
DA:774,0
DA:777,0
DA:780,0
DA:783,0
DA:786,0
DA:789,1
DA:792,0
DA:795,0
DA:798,0
DA:801,0
DA:804,0
DA:807,0
DA:810,0
DA:813,0
DA:816,0
DA:819,0
DA:822,0
DA:825,0
DA:828,0
DA:831,0
DA:834,0
DA:837,0
DA:840,0
DA:843,0
DA:846,0
DA:849,0
DA:852,0
DA:855,2
DA:858,0
DA:861,0
DA:864,0
DA:868,0
DA:871,0
DA:874,0
DA:877,1
DA:880,0
DA:883,1
DA:886,0
DA:889,0
DA:892,0
DA:895,0
DA:898,1
DA:901,1
DA:904,0
DA:906,0
DA:909,0
DA:911,0
DA:914,0
DA:917,0
DA:920,1
DA:923,1
DA:926,1
DA:929,0
DA:932,0
DA:935,1
DA:938,0
DA:941,0
DA:944,0
DA:947,1
DA:950,0
DA:953,0
DA:956,0
DA:959,0
DA:962,0
DA:965,0
DA:967,0
DA:970,0
DA:973,0
DA:976,0
DA:979,0
DA:982,0
DA:985,0
DA:988,0
DA:991,0
DA:994,0
DA:997,0
DA:1000,0
DA:1003,0
DA:1006,0
DA:1009,0
DA:1012,0
DA:1015,0
DA:1017,0
DA:1020,0
DA:1023,0
LF:336
LH:40
end_of_record
SF:lib/models/notification_preferences.dart
DA:8,132
DA:16,0
DA:17,0
DA:18,0
DA:19,0
DA:20,0
DA:21,0
DA:22,0
DA:23,0
DA:27,2
DA:28,1
DA:29,1
DA:30,1
DA:31,1
DA:32,1
LF:15
LH:7
end_of_record
SF:lib/widgets/notification_preferences_tile.dart
DA:8,2
DA:14,2
DA:16,2
DA:17,2
DA:18,2
DA:19,2
DA:20,4
DA:21,4
DA:22,6
DA:24,2
DA:25,4
DA:26,4
DA:27,0
DA:29,2
DA:30,4
DA:31,4
DA:32,0
DA:34,2
DA:35,4
DA:36,4
DA:37,0
DA:39,2
DA:40,4
DA:41,4
DA:42,0
LF:25
LH:21
end_of_record
SF:lib/services/theme_service.dart
DA:10,92
DA:19,4
DA:20,4
DA:21,4
DA:22,4
DA:26,0
DA:28,0
DA:29,0
DA:30,0
DA:32,0
DA:33,0
DA:42,4
DA:47,0
DA:48,0
DA:49,4
DA:58,4
DA:59,4
DA:63,1
DA:65,1
DA:66,2
DA:67,2
DA:68,2
DA:69,2
DA:70,2
DA:72,2
DA:74,1
DA:75,1
DA:76,2
DA:77,1
DA:78,1
DA:79,1
DA:80,1
DA:82,1
DA:83,1
DA:84,1
DA:85,0
DA:86,0
DA:90,3
DA:91,3
DA:92,1
DA:94,1
DA:99,4
DA:100,4
DA:101,16
DA:102,8
DA:104,1
DA:105,1
DA:106,2
DA:107,1
DA:108,1
DA:109,5
DA:114,4
DA:115,4
DA:116,16
DA:117,8
DA:119,1
DA:120,1
DA:121,2
DA:122,1
DA:123,1
DA:124,5
DA:129,1
DA:130,5
DA:131,3
DA:133,1
DA:137,4
DA:138,20
DA:140,4
DA:144,4
DA:145,12
DA:146,12
DA:148,4
DA:154,9
DA:155,0
LF:74
LH:63
end_of_record
SF:lib/theme/theme_builder.dart
DA:12,7
DA:16,7
DA:19,6
DA:22,6
DA:25,6
DA:28,6
DA:37,1
DA:42,1
DA:45,1
DA:46,1
DA:47,1
DA:50,1
DA:53,1
DA:59,1
LF:14
LH:14
end_of_record
SF:lib/screens/settings/settings_screen.dart
DA:13,54
DA:15,2
DA:16,2
DA:23,2
DA:25,2
DA:26,6
DA:27,6
DA:28,6
DA:30,2
DA:31,6
DA:32,2
DA:33,2
DA:34,2
DA:35,4
DA:36,2
DA:38,1
DA:40,1
DA:41,3
DA:42,1
DA:45,2
DA:46,2
DA:48,4
DA:50,2
DA:52,4
DA:54,2
DA:56,4
DA:61,2
DA:62,4
DA:63,2
DA:64,2
DA:65,10
DA:68,2
DA:70,2
DA:71,2
DA:72,6
DA:75,4
DA:76,6
DA:77,2
DA:78,2
DA:79,4
DA:81,4
DA:82,4
DA:84,2
DA:85,12
DA:89,2
DA:90,4
DA:91,2
DA:93,1
DA:95,5
DA:105,2
DA:106,4
DA:107,2
DA:108,0
DA:110,2
DA:111,4
DA:112,2
DA:113,0
DA:115,2
DA:117,4
DA:118,1
DA:119,5
DA:127,2
DA:129,2
DA:130,2
DA:131,2
DA:132,2
DA:134,0
DA:138,2
DA:140,2
DA:141,2
DA:142,2
DA:143,2
LF:72
LH:69
end_of_record
SF:lib/controllers/app_locale_controller.dart
DA:8,4
DA:11,0
DA:12,0
DA:14,0
DA:16,0
DA:21,1
DA:22,1
DA:23,1
DA:28,4
DA:29,2
DA:30,0
LF:11
LH:6
end_of_record
SF:lib/controllers/app_theme_controller.dart
DA:6,4
DA:8,2
DA:12,4
DA:13,2
DA:14,0
LF:5
LH:4
end_of_record
SF:lib/utils/language_utils.dart
DA:9,1
DA:11,1
DA:18,0
DA:19,0
DA:20,0
DA:21,0
DA:25,1
DA:26,1
DA:28,2
DA:33,0
DA:34,0
DA:35,0
LF:12
LH:5
end_of_record
SF:lib/models/auth_state.dart
DA:7,115
LF:1
LH:1
end_of_record
SF:lib/models/user.dart
DA:6,20
DA:13,0
DA:14,0
DA:15,0
DA:16,0
DA:19,0
DA:20,0
DA:21,0
DA:22,0
LF:9
LH:1
end_of_record
SF:lib/providers/auth_provider.dart
DA:7,82
DA:8,3
DA:11,66
DA:12,0
DA:20,56
DA:21,84
DA:22,87
DA:23,6
DA:28,0
DA:31,3
DA:33,6
DA:34,4
DA:36,1
DA:37,3
DA:38,1
DA:43,1
DA:45,2
DA:46,0
DA:47,0
DA:48,0
DA:50,1
DA:51,3
DA:52,1
DA:57,2
DA:58,4
DA:59,2
DA:62,1
DA:63,2
DA:66,0
DA:67,0
DA:70,12
DA:72,23
DA:74,46
DA:75,23
LF:34
LH:27
end_of_record
SF:lib/services/auth_service.dart
DA:19,7
DA:24,0
DA:25,2
DA:28,0
DA:29,0
DA:32,1
DA:33,4
DA:35,1
DA:36,1
DA:37,1
DA:38,1
DA:44,1
DA:46,2
DA:50,1
DA:52,1
DA:53,1
DA:54,1
DA:55,1
DA:57,1
DA:58,2
DA:63,0
DA:65,0
DA:66,0
DA:68,0
DA:71,0
DA:72,0
DA:74,0
DA:75,0
DA:76,0
DA:79,0
DA:80,0
DA:82,0
DA:83,0
DA:84,0
DA:85,0
DA:87,0
DA:88,0
DA:93,0
DA:94,0
DA:96,0
DA:97,0
DA:99,0
DA:101,0
DA:102,0
DA:103,0
DA:104,0
DA:106,0
DA:107,0
DA:112,1
DA:114,2
DA:115,2
DA:116,1
DA:117,2
DA:119,2
DA:120,1
DA:122,1
DA:123,1
DA:124,1
DA:125,1
DA:127,2
DA:128,1
DA:130,0
DA:132,1
DA:133,0
DA:138,2
DA:139,4
DA:140,4
DA:141,4
DA:146,4
DA:147,1
DA:149,4
DA:153,4
DA:157,3
DA:158,2
DA:160,2
DA:161,1
DA:162,1
DA:163,1
DA:164,1
DA:166,0
DA:167,0
DA:171,1
DA:172,2
DA:174,2
DA:177,0
DA:178,1
DA:179,2
DA:181,2
DA:186,0
DA:188,0
DA:194,1
DA:196,1
DA:197,0
DA:198,0
DA:199,0
DA:200,0
DA:201,0
DA:202,1
DA:204,4
DA:207,0
DA:209,0
DA:216,1
DA:217,2
DA:221,0
DA:222,0
DA:223,0
DA:224,0
DA:228,0
DA:232,0
DA:234,0
DA:235,0
DA:236,0
DA:237,0
DA:238,0
DA:241,0
DA:243,0
DA:247,0
DA:248,0
DA:251,0
DA:252,0
DA:259,0
DA:262,0
DA:263,0
DA:265,0
DA:266,0
DA:267,0
DA:268,0
DA:273,1
DA:274,1
DA:275,1
DA:277,1
DA:279,1
DA:281,1
DA:283,1
DA:294,4
DA:296,0
DA:297,0
LF:137
LH:66
end_of_record
SF:lib/theme/brand_colors.dart
DA:9,90
DA:23,0
DA:31,0
DA:32,0
DA:33,0
DA:34,0
DA:35,0
DA:36,0
DA:40,2
DA:42,2
DA:43,2
DA:44,6
DA:45,6
DA:46,6
DA:47,6
DA:48,6
LF:16
LH:9
end_of_record
SF:lib/utils/simple_logger.dart
DA:5,2
DA:7,1
DA:8,3
LF:3
LH:3
end_of_record
SF:lib/utils/transaction_wrapper.dart
DA:14,3
DA:29,1
DA:30,4
DA:31,4
DA:35,1
DA:38,1
DA:40,3
DA:41,2
DA:42,1
DA:43,4
DA:45,2
DA:46,1
DA:49,2
DA:51,3
LF:14
LH:14
end_of_record
SF:lib/services/coin_service.dart
DA:19,3
DA:28,2
DA:31,3
DA:33,2
DA:36,2
DA:37,2
DA:40,0
DA:45,0
DA:46,0
DA:47,0
DA:54,2
DA:59,2
DA:68,2
DA:73,2
DA:82,1
DA:83,3
DA:84,1
DA:92,1
DA:96,1
DA:99,0
DA:100,1
DA:101,4
DA:102,1
DA:105,1
DA:106,2
DA:107,1
DA:108,1
DA:109,1
DA:111,1
DA:113,2
DA:114,1
DA:115,1
DA:117,2
DA:121,0
DA:125,0
DA:129,0
DA:130,0
DA:131,0
DA:132,0
DA:134,0
DA:141,0
DA:146,2
DA:152,6
DA:153,2
DA:154,1
DA:161,2
DA:163,1
DA:164,1
DA:171,1
DA:172,2
DA:173,1
DA:179,1
DA:185,1
DA:191,3
DA:193,0
DA:199,1
DA:200,1
DA:201,1
DA:202,1
DA:203,1
DA:204,1
DA:205,1
DA:206,1
DA:207,1
DA:208,1
DA:209,3
DA:210,1
DA:211,1
DA:212,2
DA:213,3
DA:214,2
DA:218,1
LF:72
LH:58
end_of_record
SF:lib/models/notification_model.dart
DA:17,6
DA:30,2
DA:31,2
DA:33,2
DA:34,8
DA:35,0
DA:37,2
DA:38,2
DA:39,2
DA:40,2
DA:42,2
DA:43,2
DA:44,8
DA:45,0
DA:47,2
DA:48,2
DA:49,2
DA:53,2
DA:54,2
DA:55,1
DA:56,1
DA:57,2
DA:58,1
DA:59,2
DA:60,1
DA:61,1
DA:62,1
LF:27
LH:25
end_of_record
SF:lib/services/notification_handler.dart
DA:9,2
DA:13,2
DA:15,2
DA:16,2
DA:21,2
DA:22,4
DA:24,1
DA:25,2
DA:30,5
LF:9
LH:9
end_of_record
SF:lib/screens/profile/edit_profile_screen.dart
DA:11,2
DA:12,0
DA:14,2
DA:15,2
DA:29,2
DA:31,2
DA:32,4
DA:33,6
DA:35,10
DA:36,8
DA:37,8
DA:38,8
DA:41,2
DA:42,6
DA:43,3
DA:45,1
DA:46,3
DA:47,3
DA:48,1
DA:49,1
DA:50,1
DA:51,1
DA:52,1
DA:53,5
DA:55,6
DA:56,1
DA:57,3
DA:58,5
DA:60,3
DA:63,2
DA:65,2
DA:66,2
DA:67,6
DA:68,2
DA:69,2
DA:70,2
DA:72,2
DA:73,2
DA:74,2
DA:75,0
DA:78,2
DA:79,2
DA:80,4
DA:81,6
DA:84,2
DA:85,2
DA:86,4
DA:90,2
DA:91,2
DA:92,4
DA:97,0
DA:100,2
DA:101,2
DA:102,2
DA:103,4
DA:104,2
DA:105,0
DA:106,0
DA:107,2
DA:112,2
DA:113,4
DA:114,2
LF:62
LH:57
end_of_record
SF:lib/validators/display_name_validator.dart
DA:2,2
DA:3,2
DA:4,4
DA:5,2
LF:4
LH:4
end_of_record
SF:lib/widgets/avatar_picker.dart
DA:8,2
DA:10,2
DA:11,2
DA:17,2
DA:19,2
DA:20,6
DA:23,0
DA:24,0
DA:25,0
DA:26,0
DA:28,0
DA:29,0
DA:34,0
DA:35,0
DA:39,2
DA:41,2
DA:42,2
DA:43,2
DA:45,2
DA:46,4
DA:47,0
DA:48,4
DA:50,2
LF:23
LH:14
end_of_record
SF:lib/widgets/avatar_gallery.dart
DA:9,2
DA:11,1
DA:12,1
DA:18,1
DA:19,2
DA:21,1
DA:22,1
DA:23,1
DA:24,1
DA:25,1
DA:26,0
DA:28,1
DA:31,1
DA:33,1
DA:34,2
DA:37,1
DA:39,1
DA:40,1
DA:41,1
DA:42,1
DA:43,1
DA:46,1
DA:47,1
DA:48,3
DA:50,0
DA:52,0
DA:56,0
DA:57,0
DA:58,0
DA:59,0
DA:60,0
DA:62,0
LF:32
LH:23
end_of_record
SF:lib/services/stats_service.dart
DA:10,2
DA:12,2
DA:14,0
DA:19,0
DA:20,0
DA:21,0
DA:22,0
DA:26,0
DA:27,0
DA:28,0
DA:30,0
DA:31,0
DA:32,0
DA:33,0
DA:34,0
DA:35,0
DA:36,0
DA:37,0
DA:40,0
DA:41,0
DA:42,0
DA:43,0
DA:44,0
DA:45,0
DA:46,0
DA:48,0
DA:49,0
DA:60,0
DA:65,1
DA:70,1
DA:71,2
DA:72,1
DA:73,1
DA:74,1
DA:75,5
DA:76,1
DA:77,5
DA:78,2
DA:79,1
DA:80,1
DA:90,1
DA:94,1
DA:95,2
DA:97,1
DA:98,3
DA:99,1
DA:100,3
DA:101,0
DA:102,0
DA:111,0
DA:112,0
DA:115,0
DA:116,0
DA:117,0
DA:118,0
DA:120,0
DA:121,0
DA:122,0
DA:124,0
DA:125,0
DA:126,0
DA:127,0
DA:128,0
DA:129,0
DA:130,0
DA:131,0
DA:132,0
DA:133,0
DA:135,0
DA:146,1
DA:147,3
DA:148,2
DA:149,0
DA:150,0
LF:74
LH:24
end_of_record
SF:lib/models/user_stats_model.dart
DA:14,7
DA:28,0
DA:29,0
DA:30,0
DA:31,0
DA:32,0
DA:33,0
DA:34,0
DA:35,0
DA:36,0
DA:37,0
DA:38,0
DA:39,0
DA:42,0
DA:43,0
DA:44,0
DA:45,0
DA:46,0
DA:47,0
DA:48,0
DA:49,0
DA:50,0
DA:51,0
DA:52,0
DA:53,0
LF:25
LH:1
end_of_record
SF:lib/screens/profile/security/security_screen.dart
DA:10,1
DA:12,1
DA:13,1
DA:19,1
DA:21,1
DA:22,4
DA:25,1
DA:27,1
DA:28,1
DA:29,3
DA:30,1
DA:31,4
DA:32,1
DA:33,1
DA:35,3
DA:36,1
DA:37,2
DA:39,0
DA:40,0
DA:42,6
LF:20
LH:18
end_of_record
SF:lib/screens/profile/security/two_factor_wizard.dart
DA:7,1
DA:9,1
DA:10,1
DA:16,1
DA:18,1
DA:19,1
DA:20,3
DA:21,1
DA:23,1
DA:24,1
DA:25,1
DA:26,1
DA:27,2
DA:31,1
DA:32,0
DA:33,0
DA:34,0
DA:35,0
DA:36,0
DA:37,0
DA:39,0
DA:40,0
DA:43,0
DA:46,2
DA:54,1
DA:56,2
DA:57,1
LF:27
LH:18
end_of_record
SF:lib/services/security_service.dart
DA:6,2
DA:8,2
DA:9,2
DA:13,0
DA:14,0
DA:17,1
DA:18,1
LF:7
LH:5
end_of_record
SF:lib/models/odds_bookmaker.dart
DA:9,5
DA:15,0
DA:16,0
DA:17,0
DA:18,0
DA:19,0
DA:20,0
DA:21,0
DA:25,0
DA:26,0
DA:27,0
DA:28,0
LF:12
LH:1
end_of_record
SF:lib/models/odds_event.dart
DA:20,15
DA:37,0
DA:38,0
DA:39,0
DA:40,0
DA:41,0
DA:42,0
DA:43,0
DA:44,0
DA:45,0
DA:46,0
DA:47,0
DA:48,0
DA:49,0
DA:50,0
DA:51,0
DA:52,0
DA:54,0
DA:55,0
DA:56,0
DA:60,0
DA:61,0
DA:62,0
DA:63,0
DA:64,0
DA:65,0
DA:66,0
DA:67,0
DA:68,0
DA:69,0
DA:70,0
DA:71,0
DA:72,0
DA:73,0
DA:74,0
LF:35
LH:1
end_of_record
SF:lib/models/odds_market.dart
DA:8,12
DA:10,0
DA:11,0
DA:12,0
DA:13,0
DA:14,0
DA:15,0
DA:19,0
DA:20,0
DA:21,0
LF:10
LH:1
end_of_record
SF:lib/models/odds_outcome.dart
DA:6,12
DA:8,0
DA:9,0
DA:10,0
DA:11,0
DA:15,0
LF:6
LH:1
end_of_record
SF:lib/providers/odds_api_provider.dart
DA:18,3
DA:25,0
DA:34,12
DA:37,0
DA:43,0
DA:44,0
DA:52,0
DA:53,0
DA:54,0
DA:56,0
DA:57,0
DA:58,0
DA:65,0
DA:66,0
DA:67,0
DA:69,0
DA:75,10
DA:76,5
DA:77,0
LF:19
LH:4
end_of_record
SF:lib/providers/bet_slip_provider.dart
DA:8,6
DA:10,2
DA:11,2
DA:20,24
DA:24,2
DA:26,6
DA:27,1
DA:28,3
DA:29,3
DA:30,3
DA:32,8
DA:35,14
DA:40,0
DA:41,0
DA:42,0
DA:43,0
DA:44,0
DA:45,0
DA:46,0
DA:47,0
DA:49,0
DA:54,0
DA:55,0
DA:60,12
DA:61,6
DA:62,8
LF:26
LH:15
end_of_record
SF:lib/models/tip_model.dart
DA:15,7
DA:27,0
DA:28,0
DA:29,0
DA:30,0
DA:31,0
DA:32,0
DA:33,0
DA:34,0
DA:35,0
DA:36,0
DA:39,4
DA:40,4
DA:41,4
DA:42,6
DA:43,4
DA:44,2
DA:45,6
DA:46,4
DA:47,4
DA:48,4
LF:21
LH:11
end_of_record
SF:lib/screens/events_screen.dart
DA:20,57
DA:26,4
DA:27,4
DA:33,4
DA:35,4
DA:37,4
DA:38,8
DA:39,12
DA:40,20
DA:44,4
DA:46,12
DA:47,4
DA:49,20
DA:51,4
DA:52,4
DA:53,4
DA:55,4
DA:56,0
DA:57,0
DA:59,4
DA:60,1
DA:61,1
DA:62,1
DA:64,1
DA:65,0
DA:66,0
DA:67,0
DA:68,0
DA:69,0
DA:70,0
DA:71,0
DA:75,4
DA:78,3
DA:79,6
DA:80,3
DA:81,6
DA:82,3
DA:84,3
DA:86,0
DA:87,0
DA:89,0
DA:90,0
DA:91,0
DA:93,0
DA:95,0
DA:98,0
DA:99,0
DA:100,0
DA:101,0
DA:102,0
DA:104,0
DA:111,3
DA:113,3
DA:114,0
DA:115,0
DA:116,0
DA:117,0
DA:118,0
DA:119,0
DA:120,0
DA:124,3
DA:125,3
DA:126,3
DA:127,3
DA:129,3
DA:132,6
DA:136,1
DA:137,1
DA:138,1
DA:139,1
DA:141,2
DA:142,2
DA:146,2
DA:147,2
DA:148,3
DA:149,0
DA:152,1
DA:153,2
DA:155,0
DA:156,0
DA:157,0
DA:159,0
DA:160,0
DA:161,0
DA:164,0
DA:165,0
DA:166,0
DA:168,0
DA:169,0
DA:170,0
DA:171,0
DA:172,0
DA:174,0
DA:176,0
DA:177,0
DA:182,0
DA:183,0
DA:184,0
DA:186,0
DA:187,0
DA:188,0
DA:191,0
DA:192,0
DA:193,0
DA:195,0
DA:196,0
DA:197,0
DA:198,0
DA:199,0
DA:201,0
DA:203,0
DA:204,0
DA:209,0
DA:210,0
DA:211,0
DA:213,0
DA:214,0
DA:215,0
DA:218,0
DA:219,0
DA:220,0
DA:222,0
DA:223,0
DA:224,0
DA:225,0
DA:226,0
DA:228,0
DA:230,0
DA:231,0
DA:236,0
DA:237,0
DA:238,0
DA:241,0
DA:242,0
DA:243,0
DA:246,0
DA:247,0
DA:248,0
DA:263,4
DA:264,12
DA:265,8
DA:268,4
DA:271,4
DA:273,2
DA:276,2
DA:278,3
DA:280,2
DA:281,4
DA:284,4
DA:285,1
DA:286,1
DA:287,3
DA:288,5
DA:297,0
DA:299,0
DA:300,0
DA:301,0
DA:302,0
DA:303,0
DA:304,0
DA:305,0
DA:306,0
LF:162
LH:63
end_of_record
SF:lib/services/api_football_service.dart
DA:19,35
DA:21,4
DA:28,12
DA:29,4
DA:38,2
DA:39,4
DA:40,4
DA:41,4
DA:42,4
DA:45,8
DA:46,12
DA:47,4
DA:51,4
DA:53,1
DA:54,1
DA:57,8
DA:66,8
DA:74,8
DA:82,8
DA:83,4
DA:84,4
DA:92,3
DA:93,6
DA:94,3
DA:95,3
DA:98,2
DA:99,2
DA:100,2
DA:102,2
DA:105,2
DA:106,2
DA:109,3
DA:111,2
DA:114,2
DA:117,3
DA:118,3
DA:119,3
DA:120,3
DA:121,3
DA:122,3
DA:123,3
DA:124,3
DA:125,3
DA:126,3
DA:127,3
DA:128,3
DA:129,3
DA:130,3
DA:131,3
DA:137,3
DA:138,0
DA:153,3
DA:154,6
DA:155,6
DA:156,6
DA:157,6
DA:158,6
DA:159,3
DA:160,6
DA:163,3
DA:164,3
DA:165,3
DA:166,3
DA:167,3
DA:168,3
DA:169,3
DA:170,3
DA:171,6
DA:172,6
DA:177,4
DA:182,12
DA:183,4
DA:184,0
DA:187,4
DA:188,4
DA:189,4
DA:190,4
DA:191,4
DA:193,8
DA:195,4
DA:196,8
DA:197,4
DA:199,4
DA:201,4
DA:202,12
DA:206,4
DA:208,0
DA:209,0
DA:212,8
DA:213,0
DA:214,0
DA:216,16
DA:217,8
DA:220,0
DA:223,3
DA:229,4
DA:230,2
DA:231,4
DA:232,2
DA:233,1
DA:235,2
DA:241,2
DA:242,2
DA:244,6
DA:245,2
DA:246,4
DA:249,0
DA:253,0
DA:254,0
DA:258,8
DA:262,2
DA:268,2
DA:269,2
DA:273,2
DA:280,1
DA:281,1
DA:285,1
DA:298,2
LF:118
LH:108
end_of_record
SF:lib/services/odds_cache_wrapper.dart
DA:14,5
DA:15,5
DA:18,1
DA:19,1
DA:22,1
DA:28,1
DA:29,1
DA:35,2
DA:37,1
DA:38,2
DA:39,2
DA:40,1
DA:41,1
DA:42,1
DA:43,1
DA:45,2
DA:49,2
DA:56,3
DA:57,2
DA:58,2
DA:59,1
DA:60,3
DA:62,2
DA:68,1
DA:74,3
DA:76,3
DA:78,4
LF:27
LH:27
end_of_record
SF:lib/models/h2h_market.dart
DA:6,22
DA:8,0
DA:10,0
DA:11,0
DA:12,0
DA:13,0
DA:14,0
LF:7
LH:1
end_of_record
SF:lib/features/filters/events_filter.dart
DA:7,83
DA:9,1
DA:10,1
DA:11,1
DA:12,1
DA:13,1
DA:16,4
DA:17,4
DA:18,7
DA:20,6
DA:23,1
DA:24,2
DA:25,4
DA:26,1
DA:27,1
DA:28,5
DA:29,2
DA:31,4
DA:34,5
DA:35,24
DA:36,5
DA:37,5
DA:39,5
DA:40,2
DA:41,3
DA:43,9
DA:44,5
DA:45,5
DA:46,5
DA:47,5
LF:30
LH:30
end_of_record
SF:lib/models/api_response.dart
DA:9,85
LF:1
LH:1
end_of_record
SF:lib/models/odds_drift.dart
DA:7,2
DA:14,4
DA:15,4
DA:20,3
DA:21,1
DA:22,6
LF:6
LH:6
end_of_record
SF:lib/utils/events_filter.dart
DA:4,4
DA:8,8
DA:9,14
LF:3
LH:3
end_of_record
SF:lib/widgets/events_filter_bar.dart
DA:13,5
DA:19,5
DA:20,5
DA:24,15
DA:26,5
DA:28,5
DA:29,20
DA:30,5
DA:32,25
DA:36,15
DA:37,13
DA:38,2
DA:41,5
DA:42,15
DA:43,5
DA:45,5
DA:47,5
DA:48,5
DA:51,5
DA:52,5
DA:53,10
DA:54,0
DA:56,0
DA:57,0
DA:58,0
DA:60,0
DA:63,11
DA:65,1
DA:66,4
DA:67,2
DA:71,4
DA:73,5
DA:75,11
DA:76,1
DA:77,1
DA:78,5
DA:80,4
DA:95,5
DA:96,5
DA:98,5
DA:99,10
DA:100,5
DA:103,0
DA:104,0
DA:105,0
DA:107,0
DA:108,0
DA:109,0
DA:111,0
DA:116,0
DA:117,0
DA:118,0
DA:127,5
DA:128,5
DA:130,5
DA:133,25
DA:134,5
DA:135,5
DA:136,10
DA:138,5
DA:139,15
DA:143,5
DA:144,5
DA:145,5
DA:146,5
LF:65
LH:50
end_of_record
SF:lib/widgets/event_bet_card.dart
DA:25,8
DA:36,1
DA:38,8
DA:39,8
DA:46,8
DA:48,8
DA:49,24
DA:52,0
DA:53,0
DA:54,0
DA:55,0
DA:59,8
DA:61,24
DA:62,8
DA:65,8
DA:67,8
DA:68,16
DA:69,32
DA:71,8
DA:72,24
DA:74,8
DA:76,8
DA:78,8
DA:79,8
DA:83,8
DA:85,8
DA:86,8
DA:87,8
DA:88,8
DA:89,8
DA:90,8
DA:91,16
DA:94,8
DA:95,8
DA:96,8
DA:97,24
DA:100,24
DA:107,8
DA:108,8
DA:110,8
DA:111,8
DA:112,8
DA:113,8
DA:114,24
DA:118,24
DA:122,8
DA:123,8
DA:124,16
DA:134,8
DA:137,8
DA:138,8
DA:139,8
DA:140,12
DA:141,14
DA:142,8
DA:143,8
DA:144,2
DA:146,6
DA:150,14
DA:151,0
DA:152,0
DA:155,28
DA:157,21
DA:158,7
DA:159,7
DA:161,7
DA:162,21
DA:163,7
DA:164,7
DA:165,14
DA:166,7
DA:168,4
DA:169,0
DA:171,4
DA:173,4
DA:175,0
DA:183,8
DA:186,8
DA:188,8
DA:189,16
DA:190,24
DA:191,24
DA:200,8
DA:201,8
DA:203,8
DA:206,8
DA:208,8
DA:210,8
DA:211,8
DA:213,24
DA:214,16
DA:218,8
DA:219,8
DA:220,8
DA:221,8
DA:223,8
DA:224,16
DA:228,8
DA:229,8
DA:231,8
DA:232,16
DA:241,5
DA:247,5
DA:248,5
DA:250,5
DA:251,5
DA:253,5
DA:256,5
DA:258,10
DA:259,1
DA:260,3
DA:261,3
DA:267,5
DA:269,4
DA:272,4
DA:274,8
DA:275,0
DA:276,0
DA:277,0
DA:283,5
DA:285,5
DA:288,5
DA:290,10
DA:291,0
DA:292,0
DA:293,0
DA:302,5
DA:306,10
DA:307,10
DA:308,10
DA:310,10
DA:312,8
DA:318,9
DA:319,4
DA:320,0
DA:321,4
DA:324,4
DA:325,5
DA:328,5
DA:331,0
DA:333,0
DA:336,7
DA:345,8
DA:346,8
DA:347,8
DA:349,8
DA:350,8
DA:351,24
DA:352,24
DA:354,8
DA:356,24
DA:358,8
DA:359,32
DA:360,24
DA:362,16
DA:368,8
DA:369,8
DA:370,32
DA:371,80
DA:374,8
DA:375,8
DA:377,8
DA:378,8
DA:379,16
DA:381,8
DA:383,8
DA:384,8
DA:390,8
DA:391,8
DA:392,48
DA:393,8
DA:399,8
DA:400,8
DA:401,8
DA:407,8
DA:409,8
DA:410,8
DA:411,16
DA:414,8
DA:415,8
DA:416,16
DA:417,32
DA:418,22
DA:422,0
DA:424,8
DA:426,16
DA:427,8
DA:430,8
DA:432,24
DA:433,24
DA:434,32
DA:435,32
DA:436,40
DA:440,5
DA:448,5
DA:449,0
DA:451,0
DA:452,0
DA:453,0
DA:454,0
DA:455,0
DA:456,0
DA:457,0
DA:458,0
DA:459,0
DA:466,4
DA:467,5
DA:469,5
DA:472,5
DA:474,5
DA:475,15
DA:476,5
DA:479,5
DA:481,5
DA:482,5
DA:483,0
DA:484,15
DA:487,5
DA:488,10
DA:489,5
DA:491,15
LF:221
LH:192
end_of_record
SF:lib/services/market_mapping.dart
DA:10,1
DA:11,2
DA:13,1
DA:14,1
DA:15,1
DA:16,1
DA:17,1
DA:19,1
DA:20,1
DA:21,1
DA:22,1
DA:24,1
DA:25,1
DA:26,1
DA:28,1
DA:29,1
DA:30,1
DA:39,6
DA:45,6
DA:46,12
DA:57,8
DA:58,8
DA:59,4
DA:60,8
DA:61,8
DA:62,6
DA:63,2
DA:64,1
DA:65,2
DA:67,3
DA:68,1
DA:69,1
DA:70,1
DA:71,1
DA:72,2
DA:73,1
DA:74,1
DA:75,1
DA:76,1
DA:80,2
DA:81,1
DA:82,2
DA:83,1
DA:84,1
DA:85,2
DA:86,2
DA:88,3
DA:89,1
DA:90,2
DA:91,1
DA:92,1
DA:93,0
DA:94,0
DA:95,1
DA:98,1
DA:99,1
DA:100,1
DA:101,1
DA:103,2
DA:109,10
DA:110,10
DA:111,5
DA:112,10
DA:113,10
DA:114,5
DA:115,10
DA:117,15
DA:118,5
DA:119,5
DA:120,5
DA:121,5
DA:122,10
DA:123,5
DA:124,5
DA:125,1
DA:126,1
DA:130,10
DA:131,5
DA:132,10
DA:133,5
DA:134,5
DA:135,10
DA:136,10
DA:138,11
DA:139,5
DA:140,10
DA:141,5
DA:142,5
DA:143,4
DA:144,0
DA:145,5
DA:148,5
DA:149,5
DA:150,5
DA:151,5
DA:153,10
LF:96
LH:93
end_of_record
SF:lib/services/odds_drift_checker.dart
DA:7,1
DA:10,1
DA:12,1
DA:13,2
DA:14,1
DA:15,4
DA:17,1
DA:18,2
DA:19,1
DA:20,2
DA:23,2
DA:24,1
DA:25,1
DA:26,2
DA:27,1
DA:28,1
DA:29,1
DA:30,1
DA:41,1
DA:44,1
DA:52,1
DA:54,2
DA:55,2
DA:56,1
DA:58,2
DA:59,2
DA:60,2
LF:27
LH:27
end_of_record
SF:lib/services/ticket_service.dart
DA:10,0
DA:14,24
DA:16,0
DA:20,0
DA:24,0
DA:25,0
DA:27,0
DA:28,0
DA:29,0
DA:30,0
DA:33,0
DA:34,0
DA:35,0
DA:37,0
DA:39,0
DA:41,0
DA:42,0
DA:46,0
DA:47,0
DA:53,0
DA:54,0
DA:57,0
DA:59,0
DA:62,0
DA:68,0
DA:69,0
DA:70,0
DA:73,0
DA:78,0
DA:80,0
LF:30
LH:1
end_of_record
SF:lib/widgets/odds_drift_dialog.dart
DA:5,2
DA:9,2
DA:11,2
DA:12,2
DA:13,2
DA:15,4
DA:16,6
DA:18,2
DA:20,2
DA:22,2
DA:23,2
DA:24,2
DA:26,4
DA:27,1
DA:28,9
DA:30,1
DA:31,1
DA:35,2
DA:38,2
DA:39,2
DA:40,4
DA:41,2
DA:43,4
DA:44,2
DA:45,3
DA:46,6
DA:50,2
DA:51,4
DA:52,2
DA:54,4
DA:55,2
DA:56,3
DA:57,6
LF:33
LH:33
end_of_record
SF:lib/widgets/action_pill.dart
DA:11,12
DA:21,12
DA:23,12
DA:24,12
DA:25,12
DA:26,0
DA:27,12
DA:28,48
DA:30,12
DA:32,12
DA:33,12
DA:35,12
DA:36,12
DA:37,24
DA:39,12
DA:40,12
DA:41,12
DA:42,12
DA:43,24
DA:44,12
DA:46,12
DA:49,12
DA:50,24
DA:51,24
DA:54,12
DA:55,12
DA:56,12
DA:58,36
DA:59,12
LF:29
LH:28
end_of_record
SF:lib/widgets/league_pill.dart
DA:7,8
DA:9,8
DA:11,8
DA:12,8
DA:13,12
DA:14,8
DA:15,8
DA:16,1
DA:18,1
DA:19,1
DA:20,0
DA:22,0
DA:23,0
DA:26,0
DA:30,1
DA:31,1
DA:34,3
LF:17
LH:13
end_of_record
SF:lib/widgets/team_badge.dart
DA:7,8
DA:14,8
DA:16,8
DA:17,8
DA:18,8
DA:19,8
DA:20,8
DA:21,0
DA:22,0
DA:24,0
DA:25,0
DA:26,0
DA:28,0
DA:29,0
DA:30,0
DA:31,0
DA:38,8
DA:43,8
DA:44,8
DA:45,24
DA:47,40
LF:21
LH:12
end_of_record
SF:lib/screens/register_wizard.dart
DA:10,61
DA:12,6
DA:13,6
DA:19,6
DA:21,6
DA:22,12
DA:25,6
DA:28,30
DA:29,6
DA:32,6
DA:34,12
DA:35,6
DA:38,6
DA:40,6
DA:41,6
DA:42,6
DA:43,18
DA:45,6
DA:47,18
DA:48,6
DA:49,6
LF:21
LH:21
end_of_record
SF:lib/providers/hibp_service_provider.dart
DA:4,15
DA:5,0
LF:2
LH:1
end_of_record
SF:lib/providers/recaptcha_service_provider.dart
DA:4,15
DA:6,0
LF:2
LH:1
end_of_record
SF:lib/providers/auth_repository_provider.dart
DA:5,27
DA:6,3
LF:2
LH:2
end_of_record
SF:lib/services/hibp_service.dart
DA:11,1
DA:19,5
DA:20,4
DA:23,1
DA:24,4
DA:25,2
DA:26,2
DA:27,0
DA:28,0
DA:30,1
DA:31,1
DA:32,2
DA:33,1
DA:34,1
DA:35,1
DA:36,2
DA:37,0
DA:39,2
DA:40,2
DA:41,1
DA:42,3
DA:44,4
LF:22
LH:19
end_of_record
SF:lib/services/recaptcha_service.dart
DA:13,5
DA:17,4
DA:21,4
DA:32,0
DA:33,0
DA:34,0
DA:39,1
DA:42,1
DA:44,1
DA:45,1
DA:46,1
DA:47,2
DA:49,1
DA:50,2
DA:51,2
DA:52,1
DA:53,3
LF:17
LH:14
end_of_record
SF:lib/services/auth_repository.dart
DA:12,4
DA:13,3
DA:19,1
DA:22,2
DA:23,1
DA:24,0
DA:27,0
LF:7
LH:5
end_of_record
SF:lib/services/analytics_service.dart
DA:6,7
DA:7,0
DA:9,0
DA:11,0
DA:20,0
DA:21,0
DA:22,0
DA:24,0
DA:26,0
DA:31,0
DA:33,0
DA:35,0
DA:40,0
DA:42,0
DA:44,0
DA:49,0
DA:51,0
DA:53,0
DA:58,0
DA:60,0
DA:62,0
DA:67,0
DA:69,0
DA:71,0
DA:76,0
DA:78,0
DA:83,27
LF:27
LH:2
end_of_record
SF:lib/controllers/register_step1_viewmodel.dart
DA:11,12
DA:14,1
DA:15,1
DA:17,2
DA:18,1
DA:19,1
DA:20,1
DA:22,2
DA:23,1
DA:29,16
DA:30,16
DA:31,16
DA:32,5
LF:13
LH:13
end_of_record
SF:lib/helpers/validators.dart
DA:3,9
DA:4,9
DA:5,7
DA:6,7
DA:9,9
DA:10,9
DA:11,12
DA:12,12
DA:13,12
DA:14,6
DA:16,6
DA:17,12
DA:23,1
DA:25,3
DA:26,3
DA:27,3
DA:28,3
DA:29,3
DA:30,1
DA:31,1
DA:32,1
LF:21
LH:21
end_of_record
SF:lib/providers/register_state_notifier.dart
DA:18,79
DA:27,6
DA:35,6
DA:36,1
DA:37,2
DA:38,4
DA:39,5
DA:40,4
DA:41,6
DA:48,18
DA:51,8
DA:52,8
DA:55,3
DA:56,9
DA:59,1
DA:60,3
DA:67,0
DA:68,0
DA:71,1
DA:72,6
DA:74,0
DA:75,0
DA:76,0
DA:77,0
DA:78,0
DA:79,0
DA:80,0
DA:82,0
DA:86,0
DA:88,0
DA:93,14
DA:94,7
DA:95,24
DA:98,18
DA:101,0
DA:102,0
LF:36
LH:22
end_of_record
SF:lib/services/profile_service.dart
DA:7,0
DA:9,3
DA:11,0
DA:16,0
DA:17,0
DA:18,0
DA:19,0
DA:22,0
DA:23,0
DA:24,0
DA:25,0
DA:26,0
DA:29,0
DA:30,0
DA:31,0
DA:32,0
DA:33,0
DA:34,0
DA:35,0
DA:38,1
DA:44,1
DA:46,1
DA:53,3
DA:54,1
DA:58,1
DA:59,1
DA:63,3
DA:70,3
DA:72,3
DA:77,9
DA:78,2
DA:79,6
DA:80,2
DA:82,1
DA:83,1
DA:84,2
DA:86,1
DA:88,0
DA:90,0
DA:91,0
DA:92,0
DA:95,3
DA:97,0
DA:98,0
DA:99,0
DA:100,0
DA:101,0
DA:102,0
DA:103,0
DA:104,0
DA:105,0
DA:106,0
DA:107,0
DA:111,0
DA:113,9
DA:114,3
DA:116,5
DA:121,2
DA:130,6
DA:131,2
DA:134,2
DA:137,2
DA:138,2
DA:140,2
DA:146,1
DA:147,1
DA:151,1
DA:156,1
DA:157,3
DA:158,5
DA:159,2
DA:161,0
DA:162,0
DA:163,0
DA:164,0
DA:165,0
DA:166,0
DA:167,0
DA:168,0
DA:169,0
DA:170,0
DA:171,0
DA:175,0
DA:178,2
DA:185,1
DA:193,73
LF:86
LH:40
end_of_record
SF:lib/screens/register_step1_form.dart
DA:16,76
DA:18,8
DA:19,8
DA:30,8
DA:32,16
DA:33,16
DA:34,13
DA:35,8
DA:38,0
DA:40,5
DA:41,15
DA:42,15
DA:43,15
DA:44,15
DA:45,15
DA:46,0
DA:48,0
DA:49,0
DA:51,0
DA:53,0
DA:60,5
DA:62,0
DA:63,0
DA:64,0
DA:65,0
DA:70,5
DA:73,0
DA:75,0
DA:77,0
DA:82,5
DA:83,15
DA:84,15
DA:87,15
DA:88,1
DA:89,1
DA:90,3
DA:91,1
DA:92,4
DA:98,1
DA:99,3
DA:100,1
DA:101,4
DA:106,3
DA:107,9
DA:108,15
DA:109,9
DA:111,3
DA:112,3
DA:117,0
DA:118,0
DA:119,0
DA:120,0
DA:121,0
DA:129,8
DA:130,8
DA:132,3
DA:134,8
DA:138,8
DA:139,8
DA:141,0
DA:146,8
DA:148,8
DA:149,24
DA:153,0
DA:154,0
DA:157,0
DA:158,0
DA:159,0
DA:162,0
DA:168,0
DA:169,0
DA:174,24
DA:175,24
DA:176,24
DA:177,15
DA:179,8
DA:180,8
DA:181,8
DA:183,8
DA:184,8
DA:185,8
DA:187,8
DA:188,8
DA:189,8
DA:190,8
DA:193,21
DA:194,7
DA:196,8
DA:199,8
DA:201,8
DA:202,8
DA:203,8
DA:204,8
DA:205,8
DA:206,8
DA:207,8
DA:208,8
DA:210,8
DA:213,8
DA:214,18
DA:215,8
DA:218,24
DA:220,8
DA:222,5
DA:223,16
LF:105
LH:78
end_of_record
SF:lib/widgets/password_strength_indicator.dart
DA:6,8
DA:8,8
DA:10,29
DA:11,29
DA:12,29
DA:16,8
DA:18,8
DA:19,8
DA:22,8
DA:23,5
DA:25,8
DA:26,0
DA:29,8
DA:32,8
DA:34,8
DA:35,16
DA:37,32
LF:17
LH:16
end_of_record
SF:lib/screens/register_step2_form.dart
DA:9,73
DA:11,4
DA:12,4
DA:25,4
DA:27,8
DA:28,5
DA:29,4
DA:32,1
DA:33,1
DA:34,1
DA:35,1
DA:36,4
DA:37,1
DA:41,2
DA:42,1
DA:43,1
DA:48,1
DA:49,3
DA:50,2
DA:51,2
DA:52,2
DA:53,2
DA:55,3
DA:60,1
DA:61,3
DA:62,3
DA:63,3
DA:65,2
DA:66,4
DA:70,1
DA:71,3
DA:72,5
DA:73,3
DA:74,1
DA:81,1
DA:82,1
DA:83,4
DA:84,0
DA:86,1
DA:90,4
DA:92,4
DA:93,4
DA:94,4
DA:95,4
DA:97,4
DA:98,4
DA:99,4
DA:101,4
DA:102,4
DA:103,4
DA:104,4
DA:106,3
DA:107,1
DA:109,4
DA:112,4
DA:114,4
DA:115,4
DA:116,4
DA:117,4
DA:118,4
DA:119,0
DA:122,4
DA:123,4
DA:125,1
DA:127,2
DA:132,4
DA:133,4
DA:134,3
DA:135,1
DA:136,2
DA:139,8
DA:140,4
DA:141,1
DA:142,1
DA:143,1
DA:144,3
DA:150,4
DA:152,4
DA:153,4
DA:154,0
DA:155,0
DA:156,0
DA:161,8
DA:163,4
DA:165,4
DA:166,8
LF:86
LH:81
end_of_record
SF:lib/screens/register_step3_form.dart
DA:16,74
DA:18,2
DA:19,2
DA:27,0
DA:28,0
DA:30,0
DA:31,0
DA:33,0
DA:34,0
DA:35,0
DA:36,0
DA:37,0
DA:38,0
DA:39,0
DA:40,0
DA:41,0
DA:42,0
DA:43,0
DA:44,0
DA:48,0
DA:49,0
DA:50,0
DA:51,0
DA:52,0
DA:54,0
DA:55,0
DA:56,0
DA:60,0
DA:61,0
DA:63,0
DA:64,0
DA:65,0
DA:66,0
DA:67,0
DA:68,0
DA:69,0
DA:70,0
DA:73,0
DA:76,1
DA:77,4
DA:78,1
DA:79,0
DA:80,0
DA:81,0
DA:83,1
DA:85,1
DA:86,4
DA:89,0
DA:90,0
DA:91,0
DA:92,0
DA:94,0
DA:95,0
DA:98,2
DA:100,2
DA:101,2
DA:103,2
DA:104,2
DA:105,2
DA:107,2
DA:108,2
DA:111,2
DA:113,2
DA:114,2
DA:115,0
DA:117,4
DA:119,2
DA:120,0
DA:122,4
DA:127,2
DA:129,2
DA:130,8
DA:131,2
DA:133,2
DA:134,4
LF:75
LH:29
end_of_record
SF:lib/services/storage_service.dart
DA:11,0
DA:12,0
DA:13,0
DA:15,0
DA:16,0
DA:18,0
DA:20,0
DA:21,0
DA:24,0
DA:27,0
DA:31,0
DA:32,0
LF:12
LH:0
end_of_record
SF:lib/screens/home_screen.dart
DA:30,21
DA:34,21
DA:35,0
DA:37,0
DA:41,21
DA:42,0
DA:46,21
DA:49,0
DA:50,0
DA:51,0
DA:55,21
DA:56,0
DA:57,0
DA:67,12
DA:71,11
DA:73,33
DA:74,11
DA:80,12
DA:83,23
DA:85,12
DA:86,11
DA:87,6
DA:88,12
DA:89,12
DA:90,6
DA:93,8
DA:96,1
DA:99,3
DA:102,4
DA:103,4
DA:104,4
DA:105,4
DA:107,0
DA:108,0
DA:110,0
DA:111,0
DA:113,0
DA:117,1
DA:118,0
DA:119,0
DA:120,0
DA:121,0
DA:125,2
DA:126,1
DA:129,4
DA:131,0
DA:132,0
DA:133,0
DA:135,0
DA:141,2
DA:142,1
DA:143,4
DA:144,1
DA:148,1
DA:156,1
DA:157,1
DA:158,1
DA:159,1
DA:160,1
DA:173,12
DA:175,12
DA:176,12
DA:179,36
DA:180,12
DA:182,12
DA:183,12
DA:184,12
DA:185,12
DA:186,12
DA:187,12
DA:188,12
DA:189,12
DA:191,13
DA:194,12
DA:198,11
DA:199,11
DA:200,11
DA:201,22
DA:203,12
DA:204,22
DA:207,11
LF:81
LH:60
end_of_record
SF:lib/providers/onboarding_provider.dart
DA:8,1
DA:9,0
DA:10,1
DA:16,2
DA:18,1
DA:19,3
DA:21,2
DA:22,2
DA:24,0
DA:29,4
DA:32,2
DA:33,2
DA:34,2
DA:35,1
DA:38,3
DA:39,12
DA:40,0
LF:17
LH:14
end_of_record
SF:lib/router.dart
DA:32,15
DA:36,4
DA:37,4
DA:38,8
DA:39,16
DA:40,4
DA:41,4
DA:50,0
DA:53,1
DA:59,15
DA:60,5
DA:63,5
DA:64,5
DA:67,3
DA:69,5
DA:70,4
DA:71,4
DA:72,5
DA:73,5
DA:75,5
DA:76,0
DA:79,0
DA:80,0
DA:83,5
DA:85,5
DA:86,3
DA:89,5
DA:91,5
DA:92,0
DA:95,0
DA:96,0
DA:99,5
DA:101,5
DA:102,0
DA:103,0
DA:105,0
DA:106,0
DA:109,5
DA:111,5
DA:112,0
DA:115,0
DA:116,0
DA:119,5
DA:121,5
DA:122,0
DA:125,0
DA:126,0
DA:129,5
DA:130,5
DA:132,0
DA:135,0
DA:136,0
DA:139,5
DA:141,5
DA:142,0
DA:145,0
DA:146,0
DA:149,5
DA:151,5
DA:152,0
DA:155,0
DA:156,0
DA:159,5
DA:161,5
DA:162,0
DA:165,0
DA:166,0
DA:169,5
DA:171,5
DA:172,0
DA:175,0
DA:176,0
DA:179,5
DA:181,5
DA:182,0
DA:185,0
DA:186,0
DA:189,5
DA:191,5
DA:192,0
DA:195,0
DA:196,0
DA:199,5
DA:201,5
DA:202,0
DA:204,0
DA:205,0
DA:208,5
DA:210,5
DA:211,0
DA:214,5
DA:216,5
DA:217,0
DA:219,5
DA:221,5
DA:222,0
DA:224,5
DA:226,5
DA:227,1
DA:232,5
DA:234,5
DA:235,0
DA:237,5
DA:239,5
DA:240,0
DA:242,5
DA:244,5
DA:245,0
DA:246,0
LF:109
LH:61
end_of_record
SF:lib/controllers/splash_controller.dart
DA:13,0
DA:14,0
DA:17,0
DA:18,0
DA:19,0
DA:20,0
DA:21,0
DA:24,0
DA:26,0
DA:27,0
DA:31,0
DA:32,0
DA:33,0
DA:34,0
DA:35,0
DA:37,0
DA:38,0
DA:39,0
DA:40,0
DA:43,0
DA:44,0
DA:48,0
DA:49,0
DA:50,0
DA:56,12
DA:57,6
DA:58,0
LF:27
LH:2
end_of_record
SF:lib/models/badge.dart
DA:8,54
LF:1
LH:1
end_of_record
SF:lib/flows/copy_bet_flow.dart
DA:8,1
DA:15,0
DA:16,2
DA:17,1
DA:18,2
DA:21,1
DA:23,4
DA:25,1
DA:38,3
LF:9
LH:8
end_of_record
SF:lib/models/earned_badge_model.dart
DA:7,1
LF:1
LH:1
end_of_record
SF:lib/models/feed_model.dart
DA:13,3
DA:22,0
DA:23,0
DA:24,0
DA:25,0
DA:26,0
DA:28,0
DA:29,0
DA:30,0
DA:31,0
DA:34,2
DA:35,1
DA:36,2
DA:37,1
DA:38,2
DA:39,1
DA:40,1
LF:17
LH:8
end_of_record
SF:lib/models/friend_request.dart
DA:7,0
DA:14,0
DA:15,0
DA:17,0
DA:18,0
DA:19,0
DA:23,0
DA:24,0
DA:25,0
DA:26,0
LF:10
LH:0
end_of_record
SF:lib/models/reward_model.dart
DA:10,2
LF:1
LH:1
end_of_record
SF:lib/models/ticket_model.dart
DA:16,2
DA:28,0
DA:29,0
DA:30,0
DA:31,0
DA:32,0
DA:33,0
DA:34,0
DA:35,0
DA:36,0
DA:37,0
DA:38,0
DA:39,0
DA:40,0
DA:41,0
DA:42,0
DA:47,1
DA:48,1
DA:49,1
DA:50,1
DA:51,5
DA:52,1
DA:53,1
DA:54,1
DA:55,2
DA:56,2
DA:57,2
LF:27
LH:12
end_of_record
SF:lib/providers/auth_guard.dart
DA:12,52
DA:14,0
DA:16,0
DA:17,0
DA:19,0
DA:20,0
DA:21,0
DA:23,0
DA:29,0
DA:30,0
DA:31,0
DA:32,0
DA:37,0
LF:13
LH:1
end_of_record
SF:lib/widgets/login_required_dialog.dart
DA:9,52
DA:11,0
DA:13,0
DA:14,0
DA:16,0
DA:17,0
DA:18,0
DA:19,0
DA:20,0
DA:22,0
DA:23,0
DA:25,0
DA:26,0
DA:27,0
DA:28,0
DA:30,0
LF:16
LH:1
end_of_record
SF:lib/providers/auth_state_provider.dart
DA:7,8
DA:8,4
DA:9,2
LF:3
LH:3
end_of_record
SF:lib/providers/feed_provider.dart
DA:7,8
DA:10,13
DA:11,2
DA:12,0
LF:4
LH:3
end_of_record
SF:lib/services/feed_service.dart
DA:10,2
DA:11,1
DA:14,1
DA:20,3
DA:21,1
DA:23,1
DA:25,2
DA:26,1
DA:29,1
DA:33,1
DA:34,0
DA:39,4
DA:46,1
DA:53,4
DA:58,1
DA:66,0
DA:68,0
DA:69,0
DA:70,0
DA:71,0
DA:72,0
DA:73,0
DA:74,0
DA:77,0
DA:82,0
DA:84,0
DA:85,0
DA:86,0
DA:87,0
DA:88,0
DA:89,0
DA:90,0
LF:32
LH:14
end_of_record
SF:lib/providers/leaderboard_provider.dart
DA:8,0
DA:9,0
DA:13,5
DA:16,4
DA:17,2
DA:18,1
DA:20,0
DA:21,0
LF:8
LH:4
end_of_record
SF:lib/services/leaderboard_service.dart
DA:8,1
DA:9,0
DA:12,1
DA:13,3
DA:14,1
DA:15,1
LF:6
LH:5
end_of_record
SF:lib/services/club_service.dart
DA:4,1
LF:1
LH:1
end_of_record
SF:lib/providers/notification_provider.dart
DA:6,21
DA:7,8
DA:10,53
DA:13,37
DA:15,14
DA:17,8
DA:18,0
LF:7
LH:6
end_of_record
SF:lib/services/notification_service.dart
DA:8,8
DA:9,4
DA:11,2
DA:12,6
DA:15,0
DA:16,0
DA:17,0
DA:18,0
DA:19,0
DA:20,0
DA:21,0
DA:22,0
DA:26,2
DA:27,8
DA:30,0
DA:31,0
LF:16
LH:6
end_of_record
SF:lib/providers/social_provider.dart
DA:5,3
DA:6,0
DA:9,3
DA:13,0
DA:14,0
DA:17,0
DA:18,0
DA:19,0
DA:20,0
LF:9
LH:2
end_of_record
SF:lib/services/social_service.dart
DA:10,1
DA:11,0
DA:12,0
DA:14,1
DA:15,2
DA:17,0
DA:22,1
DA:25,1
DA:26,1
DA:27,1
DA:28,1
DA:29,1
DA:30,2
DA:31,3
DA:34,0
DA:35,0
DA:36,0
DA:37,0
DA:38,0
DA:39,0
DA:40,0
DA:43,0
DA:44,0
DA:45,0
DA:46,0
DA:47,0
DA:48,0
DA:49,0
DA:52,1
DA:53,1
DA:54,1
DA:55,1
DA:56,1
DA:57,3
DA:60,0
DA:61,0
DA:62,0
DA:63,0
DA:64,0
DA:65,0
DA:66,0
DA:69,0
DA:70,0
DA:71,0
DA:72,0
DA:73,0
DA:74,0
DA:75,0
DA:76,0
DA:77,0
DA:78,0
LF:51
LH:17
end_of_record
SF:lib/providers/stats_provider.dart
DA:8,0
DA:11,3
DA:12,1
DA:16,3
DA:17,0
DA:18,0
DA:19,0
DA:23,24
DA:24,0
DA:25,0
LF:10
LH:4
end_of_record
SF:lib/screens/profile_screen.dart
DA:24,55
DA:26,3
DA:28,3
DA:48,0
DA:49,0
DA:50,0
DA:51,0
DA:52,0
DA:53,0
DA:54,0
DA:55,0
DA:57,0
DA:58,0
DA:59,0
DA:60,0
DA:62,0
DA:63,0
DA:65,0
DA:66,0
DA:67,0
DA:68,0
DA:72,0
DA:73,0
DA:75,0
DA:83,1
DA:84,2
DA:85,2
DA:87,1
DA:88,1
DA:89,1
DA:90,4
DA:94,2
DA:95,1
DA:96,1
DA:97,0
DA:98,1
DA:99,2
DA:100,1
DA:101,1
DA:102,1
DA:103,1
DA:105,0
DA:106,0
DA:107,0
DA:108,0
DA:109,0
DA:110,0
DA:113,1
DA:114,1
DA:115,1
DA:116,4
DA:120,1
DA:127,0
DA:128,0
DA:129,0
DA:130,1
DA:133,2
DA:135,4
DA:143,3
DA:144,3
DA:146,2
DA:148,2
DA:149,2
DA:150,2
DA:151,2
DA:152,2
DA:153,2
DA:154,2
DA:155,2
DA:156,2
DA:157,2
DA:162,0
DA:163,0
DA:164,0
DA:165,0
DA:168,0
DA:171,0
DA:172,0
DA:175,0
DA:176,0
DA:181,3
DA:183,3
DA:184,6
DA:185,0
DA:186,0
DA:187,0
DA:188,0
DA:189,0
DA:194,3
DA:196,3
DA:197,6
DA:198,0
DA:200,12
DA:203,5
DA:204,6
DA:206,0
DA:207,0
DA:208,0
DA:212,2
DA:213,2
DA:214,2
DA:216,2
DA:218,2
DA:220,2
DA:221,2
DA:223,0
DA:225,2
DA:228,2
DA:229,0
DA:230,2
DA:231,0
DA:233,2
DA:236,2
DA:238,0
DA:240,4
DA:242,2
DA:243,2
DA:244,2
DA:245,4
DA:248,0
DA:249,0
DA:250,0
DA:251,0
DA:252,0
DA:254,0
DA:255,0
DA:256,0
DA:257,0
DA:261,0
DA:266,2
DA:267,4
DA:271,2
DA:272,4
DA:276,2
DA:278,4
DA:279,2
DA:280,0
DA:281,0
DA:282,0
DA:283,0
DA:285,0
DA:286,0
DA:287,0
DA:288,0
DA:294,2
DA:295,1
DA:296,2
DA:298,4
DA:300,8
DA:301,2
DA:303,4
DA:304,4
DA:305,1
DA:306,4
DA:307,2
DA:308,0
DA:310,0
DA:311,0
DA:313,0
DA:314,0
DA:315,0
DA:321,2
DA:322,4
DA:323,0
DA:324,2
DA:325,2
DA:326,0
DA:327,0
DA:328,0
DA:332,2
DA:333,2
DA:334,2
DA:335,4
DA:336,4
DA:338,2
DA:343,4
DA:344,2
DA:347,2
DA:349,0
DA:352,0
DA:353,0
DA:360,1
DA:361,0
DA:362,0
DA:366,1
LF:185
LH:99
end_of_record
SF:lib/screens/my_tickets_screen.dart
DA:13,9
DA:14,0
DA:16,0
DA:18,0
DA:19,0
DA:20,0
DA:21,0
DA:22,0
DA:23,0
DA:24,0
DA:30,55
DA:32,3
DA:34,9
DA:35,6
DA:36,3
DA:42,1
DA:43,1
DA:44,1
DA:45,1
DA:46,3
DA:48,1
DA:49,0
DA:50,1
DA:51,1
DA:52,2
DA:53,1
DA:54,0
DA:55,0
DA:57,0
DA:58,0
DA:59,0
DA:67,1
DA:68,0
DA:72,3
DA:73,2
DA:76,0
DA:77,0
LF:37
LH:19
end_of_record
SF:lib/screens/auth/login_screen.dart
DA:12,106
DA:14,2
DA:17,6
DA:24,52
DA:26,2
DA:28,2
DA:29,5
DA:30,2
DA:31,1
DA:32,2
DA:36,2
DA:38,6
DA:39,6
LF:13
LH:13
end_of_record
SF:lib/screens/leaderboard/leaderboard_screen.dart
DA:11,53
DA:13,1
DA:14,1
DA:18,1
DA:20,1
DA:21,4
DA:22,3
DA:23,3
DA:25,1
DA:26,3
DA:27,1
DA:28,1
DA:29,1
DA:31,1
DA:33,0
DA:35,0
DA:39,1
DA:40,2
DA:42,2
DA:45,1
DA:48,1
DA:49,1
DA:50,1
DA:51,1
DA:52,3
DA:54,1
DA:55,1
DA:56,1
DA:57,1
DA:58,3
DA:59,1
DA:60,3
DA:61,1
DA:63,2
DA:64,2
DA:65,1
DA:71,2
DA:73,3
DA:79,1
DA:80,0
DA:88,1
DA:90,1
DA:91,1
DA:92,1
DA:93,1
DA:94,1
DA:95,1
DA:99,1
DA:105,1
DA:106,3
DA:107,0
DA:108,0
DA:109,0
DA:110,0
LF:54
LH:47
end_of_record
SF:lib/screens/badges/badge_screen.dart
DA:12,7
DA:13,2
DA:14,2
DA:16,0
DA:18,0
DA:20,0
DA:21,0
DA:22,0
DA:23,0
DA:24,0
DA:25,0
DA:31,54
DA:33,2
DA:34,2
DA:40,2
DA:42,2
DA:43,6
DA:45,2
DA:46,6
DA:47,2
DA:48,2
DA:49,4
DA:50,4
DA:51,2
DA:52,2
DA:54,2
DA:56,1
DA:59,2
DA:60,2
DA:61,2
DA:62,2
DA:64,2
DA:65,2
DA:66,1
DA:67,3
DA:68,2
DA:69,2
DA:71,4
DA:73,2
DA:75,4
DA:77,2
DA:79,4
DA:84,4
DA:88,2
DA:89,0
LF:45
LH:36
end_of_record
SF:lib/ui/auth/auth_gate.dart
DA:12,52
DA:14,3
DA:16,6
DA:17,9
DA:18,3
DA:22,3
DA:23,0
DA:24,0
DA:25,0
LF:9
LH:6
end_of_record
SF:lib/screens/rewards/rewards_screen.dart
DA:9,53
DA:11,1
DA:13,1
DA:14,2
DA:16,1
DA:17,3
DA:18,1
DA:19,3
DA:20,1
DA:21,1
DA:22,1
DA:23,1
DA:24,1
DA:26,1
DA:28,3
DA:29,1
LF:16
LH:16
end_of_record
SF:lib/screens/social/friends_screen.dart
DA:10,52
DA:12,0
DA:13,0
DA:20,0
DA:22,0
DA:23,0
DA:26,0
DA:28,0
DA:29,0
DA:31,0
DA:32,0
DA:33,0
DA:34,0
DA:35,0
DA:36,0
DA:37,0
DA:38,0
DA:39,0
DA:43,0
DA:44,0
DA:45,0
DA:46,0
DA:47,0
DA:48,0
DA:49,0
DA:50,0
DA:51,0
DA:52,0
DA:53,0
DA:57,0
DA:58,0
DA:60,0
DA:61,0
DA:62,0
DA:63,0
DA:64,0
DA:66,0
DA:67,0
DA:68,0
DA:69,0
DA:70,0
DA:71,0
DA:72,0
DA:73,0
DA:74,0
DA:76,0
DA:80,0
DA:82,0
DA:83,0
LF:49
LH:1
end_of_record
SF:lib/screens/create_ticket_screen.dart
DA:13,53
DA:15,1
DA:16,1
DA:24,1
DA:26,2
DA:27,1
DA:30,1
DA:31,2
DA:32,2
DA:33,1
DA:34,1
DA:37,4
DA:38,3
DA:40,1
DA:41,0
DA:42,0
DA:43,0
DA:47,1
DA:48,2
DA:49,2
DA:50,1
DA:56,0
DA:58,0
DA:59,0
DA:60,0
DA:64,0
DA:65,0
DA:66,0
DA:67,0
DA:70,0
DA:72,0
DA:73,0
DA:76,0
DA:77,0
DA:78,0
DA:79,0
DA:81,0
DA:82,0
DA:83,0
DA:93,0
DA:94,0
DA:95,0
DA:100,1
DA:102,1
DA:103,4
DA:105,1
DA:106,3
DA:107,1
DA:108,1
DA:111,1
DA:112,3
DA:113,1
DA:115,1
DA:116,1
DA:117,1
DA:118,1
DA:120,1
DA:121,1
DA:122,4
DA:125,1
DA:126,1
DA:127,0
DA:128,1
DA:129,1
DA:130,1
DA:131,1
DA:132,1
DA:134,1
DA:135,2
DA:136,4
DA:137,1
DA:139,0
DA:140,0
DA:141,0
DA:142,0
DA:150,1
DA:151,1
DA:152,1
DA:156,1
DA:157,2
DA:160,3
DA:162,1
DA:163,1
DA:165,1
DA:166,3
DA:167,1
DA:168,3
DA:172,1
DA:173,1
DA:175,1
DA:176,1
DA:178,1
DA:179,1
DA:181,1
DA:187,2
LF:95
LH:66
end_of_record
SF:lib/screens/feed_screen.dart
DA:8,55
DA:10,3
DA:14,3
DA:15,3
DA:18,1
DA:19,1
DA:20,3
LF:7
LH:7
end_of_record
SF:lib/screens/onboarding/onboarding_flow_screen.dart
DA:12,53
DA:14,1
DA:16,1
DA:23,1
DA:25,1
DA:26,2
DA:27,2
DA:30,1
DA:31,3
DA:32,5
DA:33,3
DA:36,1
DA:38,1
DA:39,3
DA:41,1
DA:42,1
DA:43,1
DA:44,6
DA:51,1
DA:53,1
DA:55,1
DA:56,4
DA:57,1
DA:58,2
DA:59,1
DA:63,1
DA:65,1
DA:70,1
DA:71,1
DA:72,1
DA:73,1
DA:75,2
DA:81,1
DA:82,3
LF:34
LH:34
end_of_record
SF:lib/screens/splash_screen.dart
DA:8,54
DA:10,5
DA:12,15
DA:13,20
DA:15,10
LF:5
LH:5
end_of_record
SF:lib/screens/notifications/notification_center_screen.dart
DA:15,54
DA:17,2
DA:19,2
DA:26,2
DA:28,2
DA:29,6
DA:31,2
DA:32,6
DA:33,2
DA:34,2
DA:35,2
DA:36,2
DA:37,4
DA:39,6
DA:41,2
DA:42,3
DA:45,2
DA:46,2
DA:47,2
DA:49,2
DA:50,2
DA:51,0
DA:52,4
DA:54,2
DA:55,4
DA:56,4
DA:60,2
DA:61,2
DA:62,2
DA:63,2
DA:64,2
DA:65,2
DA:67,2
DA:68,2
DA:70,0
DA:71,0
DA:72,0
DA:74,0
DA:75,0
DA:78,0
DA:81,2
DA:82,4
DA:83,2
DA:84,10
DA:85,2
DA:95,2
DA:96,1
DA:97,3
DA:98,1
DA:99,1
DA:101,4
DA:104,3
LF:52
LH:45
end_of_record
SF:lib/screens/debug/debug_menu_screen.dart
DA:6,52
DA:8,0
DA:9,0
DA:15,0
DA:16,0
DA:17,0
DA:20,0
DA:22,0
DA:23,0
DA:24,0
DA:25,0
DA:26,0
DA:29,0
DA:30,0
DA:32,0
DA:35,0
DA:36,0
DA:38,0
DA:41,0
DA:42,0
LF:20
LH:1
end_of_record
SF:lib/screens/forgot_password_screen.dart
DA:9,53
DA:11,1
DA:13,1
DA:20,1
DA:22,2
DA:23,1
DA:26,1
DA:27,3
DA:28,7
DA:29,1
DA:30,3
DA:35,1
DA:37,1
DA:38,1
DA:39,3
DA:40,1
DA:42,1
DA:43,1
DA:44,1
DA:45,1
DA:46,1
DA:47,1
DA:48,2
DA:50,2
DA:52,0
DA:55,4
LF:26
LH:25
end_of_record
SF:lib/screens/password_reset_confirm_screen.dart
DA:7,53
DA:9,1
DA:11,1
DA:12,1
DA:13,3
DA:14,1
DA:15,1
DA:17,1
DA:18,2
DA:20,1
DA:21,0
DA:22,0
DA:24,2
LF:13
LH:11
end_of_record
SF:lib/screens/reset_password_screen.dart
DA:10,1
DA:12,1
DA:14,1
DA:22,1
DA:24,2
DA:25,2
DA:26,1
DA:29,1
DA:30,3
DA:31,5
DA:32,1
DA:33,2
DA:34,5
DA:35,1
DA:36,3
DA:41,1
DA:43,1
DA:44,1
DA:45,3
DA:46,1
DA:48,1
DA:49,1
DA:50,1
DA:51,1
DA:52,1
DA:53,1
DA:55,2
DA:56,3
DA:58,0
DA:61,1
DA:62,1
DA:64,1
DA:65,1
DA:67,1
DA:68,3
DA:71,4
LF:36
LH:35
end_of_record
SF:lib/screens/auth/email_not_verified_screen.dart
DA:11,52
DA:13,1
DA:15,1
DA:16,1
DA:17,3
DA:18,1
DA:20,1
DA:22,1
DA:25,2
DA:27,1
DA:28,0
DA:29,0
DA:30,0
DA:31,0
DA:33,0
DA:38,1
DA:39,0
DA:40,0
DA:41,0
DA:42,0
DA:45,2
LF:21
LH:12
end_of_record
SF:lib/widgets/cooldown_button.dart
DA:9,2
DA:15,2
DA:16,2
DA:23,6
DA:25,2
DA:27,3
DA:28,2
DA:31,1
DA:32,3
DA:33,2
DA:34,4
DA:36,3
DA:37,2
DA:38,1
DA:39,3
DA:41,0
DA:46,2
DA:48,2
DA:49,2
DA:50,2
DA:51,3
DA:52,2
DA:53,4
DA:54,2
LF:24
LH:23
end_of_record
SF:lib/screens/auth/login_form.dart
DA:14,3
DA:16,3
DA:17,3
DA:30,3
DA:32,6
DA:33,6
DA:34,6
DA:35,6
DA:36,3
DA:37,3
DA:40,0
DA:41,0
DA:42,0
DA:43,0
DA:45,0
DA:46,0
DA:47,0
DA:48,0
DA:50,0
DA:54,0
DA:55,0
DA:56,0
DA:57,0
DA:58,0
DA:59,0
DA:64,3
DA:66,3
DA:67,3
DA:69,3
DA:70,3
DA:71,3
DA:73,3
DA:74,3
DA:75,3
DA:76,3
DA:78,0
DA:79,3
DA:80,3
DA:81,3
DA:85,3
DA:86,3
DA:87,3
DA:89,0
DA:90,0
DA:91,3
DA:92,3
DA:93,3
DA:98,12
DA:102,3
DA:103,0
DA:104,6
LF:51
LH:32
end_of_record
SF:lib/widgets/social_login_buttons.dart
DA:13,53
DA:15,4
DA:17,4
DA:19,8
DA:20,8
DA:22,4
DA:23,4
DA:24,4
DA:26,4
DA:28,4
DA:29,0
DA:31,0
DA:32,0
DA:33,0
DA:34,0
DA:35,0
DA:40,4
DA:42,4
DA:44,4
DA:45,1
DA:47,1
DA:48,1
DA:49,1
DA:50,1
DA:51,4
DA:58,8
DA:59,0
DA:61,0
DA:63,0
DA:65,0
DA:66,0
DA:71,4
DA:84,4
DA:92,4
DA:94,4
DA:95,4
DA:97,4
DA:98,4
DA:99,20
DA:100,8
DA:101,8
DA:108,1
DA:109,1
DA:110,1
DA:111,1
DA:113,0
LF:46
LH:34
end_of_record
SF:lib/widgets/badge_grid_view.dart
DA:13,2
DA:19,2
DA:21,2
DA:23,4
DA:24,2
DA:25,2
DA:27,4
DA:32,1
DA:36,1
DA:37,1
DA:39,2
DA:40,1
DA:41,2
DA:42,2
DA:43,2
DA:44,1
DA:46,1
DA:47,1
DA:48,1
DA:50,2
DA:53,1
DA:54,2
DA:55,1
DA:57,1
DA:58,3
DA:60,1
DA:70,1
DA:72,1
DA:73,1
DA:74,1
DA:75,1
DA:76,1
DA:77,1
DA:78,1
DA:79,1
DA:80,1
DA:81,1
DA:87,1
DA:89,1
DA:90,1
DA:91,1
DA:92,1
DA:93,1
DA:94,1
DA:95,1
DA:96,1
DA:97,1
DA:98,1
LF:48
LH:48
end_of_record
SF:lib/services/bet_slip_service.dart
DA:18,0
DA:20,2
DA:21,8
DA:24,2
DA:25,2
DA:35,1
DA:43,1
DA:44,0
DA:46,1
DA:47,0
DA:50,0
DA:51,1
DA:53,1
DA:58,1
DA:61,1
DA:62,2
DA:65,3
DA:67,1
DA:71,1
DA:74,1
DA:75,1
DA:82,0
DA:83,2
DA:86,2
DA:87,1
LF:25
LH:20
end_of_record
SF:lib/services/experiment_service.dart
DA:7,1
DA:10,0
DA:20,1
DA:21,1
DA:25,1
DA:26,1
DA:27,2
DA:30,2
DA:31,2
DA:33,2
DA:34,1
DA:36,2
DA:40,2
DA:41,2
DA:42,1
DA:43,1
DA:50,1
DA:51,2
DA:52,4
DA:56,0
DA:57,0
DA:59,0
DA:61,0
DA:67,6
LF:24
LH:19
end_of_record
SF:lib/widgets/home_feed.dart
DA:15,53
DA:17,4
DA:19,8
DA:20,12
DA:22,4
DA:23,3
DA:24,2
DA:25,2
DA:26,2
DA:27,2
DA:28,2
DA:30,6
DA:35,1
DA:36,1
DA:37,1
DA:38,1
DA:39,1
DA:41,1
DA:43,1
DA:44,1
DA:45,2
DA:46,3
DA:48,1
DA:50,1
DA:51,1
DA:53,2
DA:54,3
DA:56,1
DA:57,2
DA:58,1
DA:59,1
DA:62,2
DA:66,1
DA:68,2
DA:69,1
DA:70,1
DA:72,3
DA:76,2
DA:77,1
DA:80,2
DA:81,1
DA:82,1
DA:85,2
DA:86,1
DA:88,1
DA:89,1
DA:90,3
DA:92,2
DA:94,1
DA:96,1
DA:97,2
DA:98,1
DA:99,1
DA:100,2
DA:107,1
DA:109,2
DA:110,1
DA:111,1
DA:113,3
DA:130,52
DA:132,3
DA:133,3
DA:138,6
DA:141,3
DA:143,3
DA:145,3
DA:147,3
DA:148,3
DA:150,3
DA:151,3
DA:152,3
DA:153,3
DA:156,3
DA:157,12
DA:158,21
DA:160,3
DA:170,3
DA:172,6
DA:173,3
LF:79
LH:79
end_of_record
SF:lib/screens/home_guest_cta_tile.dart
DA:8,52
DA:10,0
DA:11,0
DA:14,1
DA:16,1
DA:17,1
DA:18,1
DA:19,0
DA:20,1
DA:21,1
DA:23,1
DA:26,2
DA:28,1
DA:29,0
DA:30,2
LF:15
LH:11
end_of_record
SF:lib/widgets/my_bottom_navigation_bar.dart
DA:7,52
DA:9,11
DA:10,11
DA:11,22
DA:12,11
DA:13,10
DA:14,10
DA:15,9
DA:19,3
DA:20,3
DA:22,3
DA:23,3
DA:24,3
DA:25,3
DA:26,3
DA:27,3
DA:29,6
DA:30,6
DA:34,11
DA:36,11
DA:37,11
DA:38,11
DA:39,6
DA:42,11
DA:43,11
DA:46,11
DA:48,11
DA:51,11
DA:53,11
DA:56,11
DA:58,11
DA:61,11
DA:63,11
DA:66,11
DA:69,33
DA:70,22
LF:36
LH:36
end_of_record
SF:lib/widgets/app_drawer.dart
DA:7,52
DA:9,4
DA:11,4
DA:12,4
DA:13,4
DA:15,4
DA:16,4
DA:17,4
DA:18,12
DA:20,4
DA:21,4
DA:22,16
DA:23,12
DA:27,4
DA:29,8
DA:30,1
DA:31,1
DA:32,2
DA:35,4
DA:37,8
DA:38,1
DA:39,1
DA:40,2
DA:43,4
DA:45,8
DA:46,1
DA:47,1
DA:48,2
DA:51,4
DA:53,8
DA:54,0
DA:55,0
DA:56,0
DA:59,4
DA:61,8
DA:62,0
DA:63,0
DA:64,0
DA:67,4
DA:69,8
DA:70,0
DA:71,0
DA:72,0
DA:75,4
DA:77,8
DA:78,0
DA:79,0
DA:80,0
DA:83,4
DA:85,8
DA:86,1
DA:87,1
DA:88,2
DA:91,4
DA:93,8
DA:94,0
DA:95,0
DA:96,0
LF:58
LH:43
end_of_record
SF:lib/widgets/notification_bell_widget.dart
DA:10,52
DA:12,11
DA:14,22
DA:15,11
DA:16,21
DA:17,11
DA:20,11
DA:21,22
DA:22,0
DA:23,0
DA:25,11
DA:26,11
DA:28,11
DA:29,0
DA:32,0
DA:34,0
DA:35,0
DA:36,0
DA:39,0
DA:40,0
DA:41,0
DA:42,0
LF:22
LH:11
end_of_record
SF:lib/widgets/home/home_tile_daily_bonus.dart
DA:10,53
DA:12,2
DA:13,2
DA:20,2
DA:22,2
DA:23,2
DA:26,2
DA:29,4
DA:30,1
DA:31,1
DA:32,1
DA:33,2
DA:34,1
DA:38,1
DA:39,3
DA:44,1
DA:45,3
DA:47,2
DA:48,0
DA:49,1
DA:50,1
DA:51,2
DA:52,1
DA:53,1
DA:58,2
DA:60,2
DA:62,2
DA:66,2
DA:67,2
DA:68,6
DA:69,2
DA:70,2
DA:72,2
DA:75,2
DA:76,2
DA:80,2
DA:81,2
DA:82,2
DA:83,0
DA:85,2
DA:86,2
DA:87,4
LF:42
LH:40
end_of_record
SF:lib/widgets/home/home_tile_educational_tip.dart
DA:13,53
DA:15,2
DA:16,2
DA:22,2
DA:24,6
DA:25,4
DA:28,2
DA:29,2
DA:30,6
DA:31,2
DA:33,6
DA:34,6
DA:35,2
DA:36,2
DA:37,5
DA:38,4
DA:39,8
DA:47,2
DA:49,2
DA:50,4
DA:51,2
DA:55,1
DA:57,1
DA:58,4
DA:59,1
DA:63,2
DA:65,2
DA:66,2
DA:67,2
DA:68,4
DA:69,2
DA:70,2
DA:72,2
DA:75,2
DA:76,2
DA:80,4
DA:82,4
DA:83,1
DA:84,2
DA:85,2
LF:40
LH:40
end_of_record
SF:lib/widgets/home/home_tile_ai_tip.dart
DA:12,1
DA:14,1
DA:16,1
DA:17,1
DA:18,1
DA:19,1
DA:20,1
DA:21,1
DA:23,1
DA:26,2
DA:28,1
DA:29,5
DA:33,1
DA:34,1
DA:35,2
LF:15
LH:15
end_of_record
SF:lib/widgets/home/home_tile_top_tipster.dart
DA:11,1
DA:13,1
DA:15,1
DA:16,1
DA:17,1
DA:18,1
DA:19,1
DA:20,1
DA:22,1
DA:23,1
DA:25,1
DA:26,6
DA:30,1
DA:31,1
DA:35,1
DA:36,3
DA:40,1
DA:41,1
DA:42,2
LF:19
LH:19
end_of_record
SF:lib/widgets/home/home_tile_badge_earned.dart
DA:13,1
DA:15,1
DA:17,1
DA:18,4
DA:19,4
DA:21,1
DA:22,1
DA:23,1
DA:24,1
DA:25,1
DA:27,1
DA:28,5
DA:30,1
DA:31,1
DA:35,1
DA:37,1
DA:39,1
DA:40,1
DA:41,2
DA:50,1
DA:52,1
DA:53,1
DA:54,0
DA:55,0
DA:56,0
DA:57,0
DA:58,0
DA:59,0
DA:60,0
DA:61,0
DA:67,1
DA:69,1
DA:70,1
DA:71,0
DA:72,0
DA:73,0
DA:74,0
DA:75,0
DA:76,0
DA:77,0
DA:78,0
LF:41
LH:25
end_of_record
SF:lib/widgets/home/home_tile_challenge_prompt.dart
DA:12,1
DA:18,1
DA:20,1
DA:21,1
DA:22,1
DA:23,1
DA:24,1
DA:25,1
DA:27,1
DA:30,2
DA:32,2
DA:34,1
DA:35,1
DA:36,2
DA:45,1
DA:46,2
DA:47,1
DA:48,1
DA:49,2
DA:51,1
DA:52,0
DA:53,1
LF:22
LH:21
end_of_record
SF:lib/widgets/home/home_tile_feed_activity.dart
DA:12,1
DA:14,1
DA:16,1
DA:17,1
DA:18,1
DA:19,1
DA:20,1
DA:21,1
DA:23,1
DA:24,1
DA:25,7
DA:28,1
DA:29,1
DA:33,1
DA:34,3
DA:38,1
DA:39,1
DA:40,2
LF:18
LH:18
end_of_record
SF:lib/services/ai_tip_provider.dart
DA:11,1
DA:13,0
DA:15,0
DA:16,0
DA:25,0
DA:26,0
DA:30,0
DA:31,0
DA:32,0
DA:33,0
DA:36,0
DA:37,0
DA:38,0
DA:39,0
DA:40,0
DA:41,0
DA:45,0
DA:47,0
DA:48,0
DA:49,0
DA:51,0
DA:56,0
DA:58,0
DA:59,0
DA:60,0
DA:61,0
LF:26
LH:1
end_of_record
SF:lib/services/badge_service.dart
DA:12,1
DA:13,0
DA:16,1
DA:17,1
DA:18,2
DA:19,2
DA:20,1
DA:26,1
DA:28,1
DA:29,1
DA:30,1
DA:31,1
DA:32,1
DA:33,1
DA:34,1
DA:35,1
DA:36,1
DA:37,1
DA:41,3
DA:43,1
DA:44,2
DA:46,1
DA:48,1
DA:50,1
DA:53,1
DA:54,1
DA:55,1
DA:56,1
DA:57,1
DA:58,1
DA:59,1
DA:60,3
DA:62,2
DA:63,2
DA:64,4
DA:65,1
DA:66,1
DA:73,0
DA:74,0
DA:75,0
DA:76,0
DA:77,0
DA:79,0
DA:80,0
DA:81,0
DA:82,0
DA:83,0
DA:84,0
DA:85,0
DA:86,0
DA:87,0
DA:89,0
DA:90,0
DA:91,0
LF:54
LH:36
end_of_record
SF:lib/services/challenge_service.dart
DA:13,2
DA:20,1
DA:21,1
DA:23,1
DA:24,4
DA:25,0
DA:27,1
DA:29,2
DA:30,0
DA:33,0
DA:34,0
DA:35,0
DA:36,0
DA:39,0
DA:45,1
DA:46,0
DA:48,1
DA:49,3
DA:53,1
DA:54,1
DA:56,3
DA:57,1
DA:58,5
DA:59,1
LF:24
LH:16
end_of_record
SF:lib/widgets/home/user_stats_header.dart
DA:11,2
DA:13,2
DA:15,2
DA:16,6
DA:18,2
DA:20,2
DA:21,2
DA:22,2
DA:25,5
DA:29,2
DA:30,2
DA:32,2
DA:33,2
DA:34,2
DA:35,6
DA:38,9
DA:39,9
LF:17
LH:17
end_of_record
SF:lib/widgets/ticket_card.dart
DA:11,1
DA:13,1
DA:15,1
DA:16,1
DA:18,1
DA:20,1
DA:21,1
DA:22,1
DA:23,5
DA:25,3
DA:28,6
DA:29,4
LF:12
LH:12
end_of_record
SF:lib/widgets/empty_ticket_placeholder.dart
DA:5,52
DA:7,3
DA:9,3
DA:10,3
DA:11,3
DA:13,6
LF:6
LH:6
end_of_record
SF:lib/widgets/ticket_details_dialog.dart
DA:10,0
DA:16,0
DA:18,0
DA:19,0
DA:20,0
DA:21,0
DA:22,0
DA:23,0
DA:24,0
DA:25,0
LF:10
LH:0
end_of_record
SF:lib/widgets/notification_item.dart
DA:10,2
DA:16,2
DA:18,2
DA:20,0
DA:22,0
DA:24,0
DA:26,0
DA:31,2
DA:33,2
DA:34,2
DA:35,8
DA:36,6
DA:37,6
DA:38,8
DA:39,2
LF:15
LH:11
end_of_record
SF:lib/screens/onboarding/pages/onboarding_page1.dart
DA:5,52
DA:7,1
DA:9,1
DA:10,1
DA:12,1
DA:14,1
DA:17,1
DA:18,1
DA:20,3
LF:9
LH:9
end_of_record
SF:lib/screens/onboarding/pages/onboarding_page2.dart
DA:5,52
DA:7,1
DA:9,1
DA:10,1
DA:12,1
DA:14,1
DA:17,1
DA:18,1
DA:20,3
LF:9
LH:9
end_of_record
SF:lib/screens/onboarding/pages/onboarding_page3.dart
DA:5,52
DA:7,1
DA:9,1
DA:10,1
DA:12,1
DA:14,1
DA:17,1
DA:18,1
DA:20,3
LF:9
LH:9
end_of_record
SF:lib/services/reward_service.dart
DA:7,2
DA:9,0
DA:10,4
DA:14,2
DA:15,10
DA:18,1
DA:19,2
DA:20,1
DA:21,8
DA:24,1
DA:25,2
DA:26,2
DA:30,2
DA:31,1
DA:32,0
LF:15
LH:13
end_of_record
SF:lib/widgets/reward_card.dart
DA:10,1
DA:12,1
DA:14,1
DA:15,1
DA:16,1
DA:17,4
DA:18,3
DA:19,3
DA:20,2
DA:21,0
DA:22,4
DA:27,1
DA:29,1
DA:31,0
LF:14
LH:12
end_of_record
SF:lib/widgets/follow_button.dart
DA:11,1
DA:13,1
DA:15,4
DA:16,2
DA:19,4
DA:20,1
DA:21,2
DA:22,1
DA:23,0
DA:25,1
DA:26,1
DA:27,1
DA:28,2
DA:30,0
DA:32,2
DA:35,2
LF:16
LH:14
end_of_record
SF:lib/utils/badge_icon_utils.dart
DA:4,3
DA:6,3
DA:8,1
DA:10,1
DA:12,1
DA:14,1
LF:6
LH:6
end_of_record
SF:lib/widgets/badge_detail_dialog.dart
DA:10,1
DA:12,1
DA:14,1
DA:17,2
DA:18,1
DA:19,1
DA:20,1
DA:22,0
DA:23,0
DA:24,0
DA:26,0
DA:27,0
DA:28,0
DA:30,0
DA:31,0
DA:32,0
DA:34,0
DA:35,0
DA:36,0
DA:39,0
DA:40,0
DA:42,1
DA:43,1
DA:44,1
DA:46,1
DA:47,1
DA:48,3
DA:49,4
DA:52,1
DA:55,1
DA:56,1
DA:57,0
DA:58,2
LF:33
LH:18
end_of_record
SF:lib/widgets/components/comment_modal.dart
DA:11,1
DA:13,1
DA:14,1
DA:20,1
DA:22,2
DA:23,1
DA:26,1
DA:28,1
DA:29,1
DA:30,2
DA:31,1
DA:32,1
DA:35,2
DA:37,1
DA:38,1
DA:39,3
DA:40,2
DA:42,1
DA:43,0
DA:44,0
DA:46,0
DA:47,0
DA:48,0
DA:50,0
DA:51,0
DA:53,0
DA:54,0
DA:56,2
LF:28
LH:19
end_of_record
SF:lib/widgets/components/report_dialog.dart
DA:10,1
DA:12,1
DA:13,1
DA:19,1
DA:21,2
DA:22,1
DA:25,1
DA:27,1
DA:28,1
DA:29,2
DA:30,1
DA:31,1
DA:32,2
DA:34,1
DA:35,1
DA:36,0
DA:37,2
DA:39,1
DA:40,0
DA:41,0
DA:43,0
DA:44,0
DA:45,0
DA:46,0
DA:48,0
DA:50,0
DA:51,0
DA:53,2
LF:28
LH:18
end_of_record
SF:lib/widgets/ticket_status_chip.dart
DA:9,1
DA:11,1
DA:13,1
DA:17,1
DA:18,1
DA:19,0
DA:20,0
DA:22,1
DA:23,0
DA:24,0
DA:26,1
DA:27,3
DA:28,1
DA:30,0
DA:31,0
DA:32,0
DA:35,2
LF:17
LH:10
end_of_record
SF:lib/screens/copied_ticket_edit_screen.dart
DA:12,1
DA:18,1
DA:19,1
DA:28,1
DA:30,1
DA:31,4
DA:34,1
DA:35,2
DA:36,3
DA:37,5
DA:39,1
DA:43,0
DA:44,0
DA:45,0
DA:46,0
DA:49,0
DA:50,0
DA:52,0
DA:53,0
DA:54,0
DA:58,0
DA:59,0
DA:60,0
DA:61,0
DA:62,0
DA:65,0
DA:68,1
DA:70,1
DA:71,1
DA:72,3
DA:73,1
DA:74,1
DA:77,1
DA:79,1
DA:80,1
DA:81,1
DA:82,0
DA:84,0
DA:85,0
DA:86,0
DA:89,1
DA:90,1
DA:91,2
DA:92,1
DA:93,2
DA:94,1
DA:95,2
DA:96,2
DA:101,1
DA:103,1
DA:104,3
DA:105,1
DA:111,2
LF:53
LH:34
end_of_record
SF:lib/screens/public_profile_screen.dart
DA:9,1
DA:11,1
DA:13,1
DA:14,1
DA:15,1
DA:16,1
DA:17,1
DA:18,1
DA:19,1
DA:21,1
DA:22,3
DA:23,1
DA:25,1
DA:27,1
DA:28,1
DA:30,3
DA:31,3
DA:32,0
DA:33,3
DA:35,3
DA:38,1
DA:39,2
DA:40,2
DA:41,4
DA:44,3
DA:45,1
DA:46,5
DA:48,2
LF:28
LH:27
end_of_record
SF:lib/models/profile.dart
DA:8,1
DA:16,2
DA:17,1
DA:18,1
DA:19,1
DA:20,2
DA:21,1
DA:24,2
DA:25,1
DA:26,1
DA:27,1
DA:28,2
DA:29,1
LF:13
LH:13
end_of_record
SF:lib/services/notification_cache.dart
DA:8,1
DA:13,1
DA:15,2
DA:16,3
DA:19,7
DA:20,1
DA:21,2
DA:24,1
DA:25,2
DA:26,1
DA:27,1
DA:28,1
DA:29,1
DA:30,1
DA:31,1
DA:32,1
LF:16
LH:16
end_of_record
SF:lib/services/auth_error_mapper.dart
DA:7,1
DA:8,1
DA:9,1
DA:10,1
DA:11,0
DA:12,1
DA:13,1
DA:14,0
DA:15,0
DA:16,0
DA:17,0
DA:18,0
DA:19,0
DA:20,0
DA:21,0
DA:22,0
DA:23,0
DA:24,0
DA:25,0
DA:27,0
LF:20
LH:6
end_of_record
SF:lib/widgets/profile_badge.dart
DA:11,1
DA:17,1
DA:19,1
DA:21,2
DA:22,1
DA:23,1
DA:25,2
DA:30,1
DA:34,1
DA:35,1
DA:37,2
DA:38,1
DA:39,2
DA:40,2
DA:41,2
DA:42,1
DA:44,1
DA:46,1
DA:47,3
DA:49,1
DA:57,1
DA:59,1
DA:60,1
DA:61,0
DA:62,0
DA:63,0
DA:64,0
DA:65,0
DA:66,0
DA:67,0
DA:68,0
DA:74,1
DA:76,1
DA:77,1
DA:78,0
DA:79,0
DA:80,0
DA:81,0
DA:82,0
DA:83,0
DA:84,0
DA:85,0
LF:42
LH:26
end_of_record
SF:lib/widgets/streak_progress_bar.dart
DA:5,1
DA:7,1
DA:9,1
DA:11,1
DA:12,3
DA:13,3
LF:6
LH:6
end_of_record
SF:lib/widgets/home_profile_header.dart
DA:13,1
DA:20,1
DA:22,2
DA:23,1
DA:24,1
DA:25,1
LF:6
LH:6
end_of_record
SF:lib/widgets/guest_promo_tile.dart
DA:7,1
DA:9,1
DA:11,1
DA:12,1
DA:13,1
DA:14,1
DA:15,1
DA:16,1
DA:19,1
DA:20,2
DA:21,1
DA:22,1
DA:24,1
DA:26,1
DA:27,1
DA:28,1
DA:29,3
DA:31,1
DA:32,1
DA:33,1
DA:34,2
DA:42,3
DA:45,0
DA:46,0
DA:48,0
DA:49,0
DA:50,0
DA:52,0
DA:54,0
DA:55,0
DA:56,0
LF:31
LH:22
end_of_record
SF:lib/widgets/verified_badge.dart
DA:4,1
DA:6,1
DA:8,1
DA:10,3
LF:4
LH:4
end_of_record
SF:lib/screens/notification_center/notification_center_v2.dart
DA:14,1
DA:16,1
DA:18,1
DA:26,1
DA:28,1
DA:29,2
DA:30,2
DA:35,1
DA:37,2
DA:38,1
DA:41,1
DA:43,1
DA:44,3
DA:45,1
DA:46,1
DA:47,2
DA:48,2
DA:50,1
DA:51,1
DA:52,4
DA:53,2
DA:54,1
DA:55,0
DA:56,0
DA:58,5
DA:59,1
DA:60,0
DA:62,1
DA:63,1
DA:64,4
DA:67,4
DA:68,1
DA:69,2
DA:70,5
DA:72,5
DA:73,1
DA:74,3
DA:76,1
DA:77,1
DA:78,1
DA:79,1
DA:80,1
DA:81,2
DA:82,1
DA:83,3
DA:85,1
DA:86,1
DA:87,2
DA:88,7
DA:89,2
DA:90,1
DA:91,2
DA:92,1
DA:93,1
DA:94,0
DA:99,1
DA:101,1
DA:102,1
DA:103,2
DA:104,1
DA:105,1
DA:106,2
DA:107,3
DA:108,1
DA:109,2
DA:110,1
DA:111,5
DA:112,1
DA:122,1
DA:123,0
LF:70
LH:65
end_of_record
SF:lib/widgets/notification_preview_card.dart
DA:6,1
DA:15,1
DA:17,1
DA:18,2
DA:19,0
DA:20,0
DA:26,3
DA:27,3
DA:28,1
LF:9
LH:7
end_of_record
SF:lib/widgets/category_tabs.dart
DA:5,1
DA:9,1
DA:12,1
DA:14,1
DA:15,1
DA:16,1
DA:18,1
DA:19,2
DA:20,2
DA:21,2
DA:22,2
DA:23,2
LF:12
LH:12
end_of_record
